Transposon	position	bdgp_1	bdgp_2	wt_1	wt_2
G2_DM	1	0	0	0	0
G2_DM	2	0	0	0	0
G2_DM	3	0	0	0	0
G2_DM	4	0	2	0	0
G2_DM	5	0	2	0	0
G2_DM	6	0	2	0	0
G2_DM	7	0	2	1	0
G2_DM	8	1	2	1	0
G2_DM	9	1	2	1	0
G2_DM	10	1	2	1	0
G2_DM	11	1	2	1	0
G2_DM	12	1	2	1	0
G2_DM	13	1	2	1	0
G2_DM	14	1	2	1	0
G2_DM	15	1	2	1	0
G2_DM	16	1	2	1	0
G2_DM	17	1	3	1	0
G2_DM	18	1	3	1	0
G2_DM	19	1	3	1	0
G2_DM	20	1	3	1	0
G2_DM	21	1	3	1	0
G2_DM	22	1	3	1	0
G2_DM	23	1	3	1	0
G2_DM	24	1	3	1	0
G2_DM	25	1	3	1	0
G2_DM	26	1	3	1	0
G2_DM	27	1	3	1	0
G2_DM	28	1	3	3	0
G2_DM	29	2	3	3	0
G2_DM	30	2	3	3	0
G2_DM	31	2	3	3	0
G2_DM	32	2	3	3	0
G2_DM	33	2	3	3	0
G2_DM	34	2	3	3	0
G2_DM	35	2	3	3	0
G2_DM	36	2	3	3	0
G2_DM	37	2	3	3	0
G2_DM	38	2	3	3	0
G2_DM	39	2	3	3	0
G2_DM	40	2	3	3	0
G2_DM	41	2	3	3	0
G2_DM	42	2	3	3	0
G2_DM	43	2	3	3	0
G2_DM	44	2	3	3	0
G2_DM	45	2	3	3	0
G2_DM	46	2	3	3	0
G2_DM	47	2	3	3	1
G2_DM	48	2	3	3	1
G2_DM	49	2	3	3	1
G2_DM	50	2	3	3	1
G2_DM	51	2	3	3	1
G2_DM	52	2	3	3	1
G2_DM	53	2	3	3	1
G2_DM	54	2	3	3	1
G2_DM	55	2	3	3	1
G2_DM	56	2	3	3	2
G2_DM	57	2	3	3	2
G2_DM	58	2	3	3	2
G2_DM	59	2	3	3	2
G2_DM	60	2	3	3	2
G2_DM	61	2	3	4	2
G2_DM	62	2	3	4	2
G2_DM	63	2	3	4	2
G2_DM	64	2	4	4	2
G2_DM	65	2	4	4	2
G2_DM	66	2	4	4	2
G2_DM	67	2	4	4	2
G2_DM	68	2	4	4	2
G2_DM	69	2	5	4	2
G2_DM	70	2	5	4	2
G2_DM	71	2	5	4	2
G2_DM	72	2	5	4	2
G2_DM	73	2	5	4	4
G2_DM	74	2	5	4	4
G2_DM	75	2	5	4	4
G2_DM	76	2	5	4	4
G2_DM	77	2	5	4	4
G2_DM	78	2	5	4	4
G2_DM	79	2	5	4	4
G2_DM	80	2	5	4	4
G2_DM	81	2	5	4	4
G2_DM	82	2	5	3	4
G2_DM	83	2	5	3	4
G2_DM	84	2	5	3	4
G2_DM	85	2	5	3	4
G2_DM	86	2	5	3	4
G2_DM	87	2	5	3	4
G2_DM	88	2	5	3	4
G2_DM	89	2	5	3	4
G2_DM	90	2	5	3	4
G2_DM	91	2	5	4	5
G2_DM	92	2	5	4	5
G2_DM	93	2	4	4	5
G2_DM	94	2	4	4	5
G2_DM	95	2	4	4	5
G2_DM	96	2	4	4	5
G2_DM	97	3	4	4	5
G2_DM	98	3	4	4	5
G2_DM	99	3	4	4	5
G2_DM	100	3	5	4	5
G2_DM	101	3	4	3	5
G2_DM	102	3	4	3	5
G2_DM	103	3	5	3	5
G2_DM	104	3	5	2	5
G2_DM	105	3	5	2	5
G2_DM	106	3	5	2	5
G2_DM	107	3	5	2	5
G2_DM	108	2	5	2	5
G2_DM	109	2	5	2	5
G2_DM	110	2	5	2	5
G2_DM	111	2	5	2	5
G2_DM	112	3	5	2	5
G2_DM	113	3	5	2	5
G2_DM	114	3	5	2	5
G2_DM	115	3	5	2	5
G2_DM	116	3	4	2	5
G2_DM	117	3	4	2	5
G2_DM	118	3	4	2	5
G2_DM	119	3	4	2	5
G2_DM	120	3	4	2	5
G2_DM	121	3	4	2	5
G2_DM	122	3	4	2	5
G2_DM	123	3	4	2	4
G2_DM	124	3	4	2	4
G2_DM	125	3	4	2	4
G2_DM	126	3	4	2	4
G2_DM	127	3	4	2	3
G2_DM	128	2	4	2	3
G2_DM	129	2	4	2	3
G2_DM	130	2	4	2	3
G2_DM	131	2	5	2	3
G2_DM	132	2	5	2	3
G2_DM	133	3	5	2	3
G2_DM	134	3	5	2	3
G2_DM	135	3	5	1	3
G2_DM	136	3	6	1	3
G2_DM	137	3	6	1	3
G2_DM	138	3	6	1	3
G2_DM	139	3	6	1	3
G2_DM	140	3	6	1	3
G2_DM	141	3	6	1	3
G2_DM	142	3	6	1	3
G2_DM	143	3	6	1	3
G2_DM	144	3	6	1	3
G2_DM	145	3	6	1	3
G2_DM	146	3	6	1	3
G2_DM	147	3	6	1	3
G2_DM	148	3	6	1	3
G2_DM	149	3	6	1	1
G2_DM	150	3	6	1	1
G2_DM	151	3	6	1	1
G2_DM	152	3	6	1	1
G2_DM	153	3	6	1	1
G2_DM	154	3	6	1	1
G2_DM	155	3	6	1	1
G2_DM	156	3	6	1	1
G2_DM	157	3	6	1	1
G2_DM	158	3	6	1	1
G2_DM	159	3	6	1	1
G2_DM	160	3	6	1	1
G2_DM	161	3	6	1	1
G2_DM	162	4	6	1	1
G2_DM	163	4	6	1	1
G2_DM	164	4	5	1	1
G2_DM	165	4	5	1	1
G2_DM	166	5	6	1	1
G2_DM	167	5	6	0	0
G2_DM	168	5	5	0	0
G2_DM	169	5	5	0	0
G2_DM	170	5	5	0	0
G2_DM	171	5	5	0	0
G2_DM	172	5	5	0	0
G2_DM	173	5	5	0	0
G2_DM	174	5	5	0	0
G2_DM	175	5	6	1	0
G2_DM	176	5	6	1	0
G2_DM	177	5	6	1	0
G2_DM	178	5	6	1	0
G2_DM	179	5	6	1	0
G2_DM	180	5	6	1	0
G2_DM	181	5	6	1	0
G2_DM	182	5	6	1	0
G2_DM	183	5	7	1	0
G2_DM	184	5	7	1	0
G2_DM	185	5	7	1	0
G2_DM	186	5	7	1	0
G2_DM	187	5	7	1	0
G2_DM	188	5	7	1	0
G2_DM	189	5	7	1	0
G2_DM	190	5	8	1	0
G2_DM	191	5	8	1	0
G2_DM	192	5	8	1	0
G2_DM	193	5	8	1	0
G2_DM	194	4	8	1	0
G2_DM	195	4	8	1	0
G2_DM	196	4	8	1	0
G2_DM	197	4	8	1	0
G2_DM	198	4	8	1	0
G2_DM	199	4	6	1	0
G2_DM	200	4	6	1	0
G2_DM	201	4	5	1	0
G2_DM	202	4	5	1	0
G2_DM	203	4	5	1	0
G2_DM	204	4	5	1	0
G2_DM	205	4	5	1	0
G2_DM	206	4	5	1	0
G2_DM	207	4	5	1	0
G2_DM	208	4	5	1	0
G2_DM	209	3	5	1	0
G2_DM	210	4	5	1	0
G2_DM	211	4	5	1	0
G2_DM	212	4	5	1	0
G2_DM	213	4	5	1	1
G2_DM	214	4	5	1	1
G2_DM	215	4	5	1	1
G2_DM	216	4	5	1	1
G2_DM	217	4	5	1	1
G2_DM	218	4	5	1	1
G2_DM	219	4	5	1	1
G2_DM	220	4	6	1	1
G2_DM	221	4	6	1	1
G2_DM	222	4	6	1	1
G2_DM	223	4	6	1	1
G2_DM	224	4	6	1	1
G2_DM	225	5	6	1	1
G2_DM	226	5	6	1	1
G2_DM	227	5	6	1	1
G2_DM	228	5	7	1	1
G2_DM	229	5	7	1	1
G2_DM	230	5	7	1	1
G2_DM	231	5	7	1	1
G2_DM	232	5	7	1	1
G2_DM	233	4	6	1	1
G2_DM	234	4	6	1	1
G2_DM	235	4	6	1	1
G2_DM	236	4	6	1	1
G2_DM	237	4	6	1	1
G2_DM	238	4	6	1	1
G2_DM	239	4	6	1	1
G2_DM	240	4	6	1	1
G2_DM	241	4	6	1	1
G2_DM	242	4	6	1	1
G2_DM	243	4	6	1	1
G2_DM	244	4	6	1	1
G2_DM	245	4	6	1	1
G2_DM	246	4	6	1	1
G2_DM	247	4	6	1	1
G2_DM	248	4	6	1	1
G2_DM	249	4	6	1	1
G2_DM	250	4	6	0	1
G2_DM	251	4	6	0	1
G2_DM	252	4	6	0	1
G2_DM	253	4	6	0	1
G2_DM	254	4	6	0	1
G2_DM	255	4	6	0	1
G2_DM	256	4	7	0	1
G2_DM	257	4	7	0	1
G2_DM	258	4	7	0	1
G2_DM	259	4	7	0	1
G2_DM	260	4	7	0	1
G2_DM	261	4	7	0	1
G2_DM	262	3	7	0	1
G2_DM	263	3	7	0	1
G2_DM	264	3	7	0	1
G2_DM	265	3	7	0	1
G2_DM	266	2	6	0	1
G2_DM	267	2	6	0	1
G2_DM	268	2	6	0	1
G2_DM	269	2	6	0	1
G2_DM	270	2	6	0	1
G2_DM	271	2	6	0	1
G2_DM	272	2	6	0	1
G2_DM	273	2	6	0	1
G2_DM	274	2	5	0	1
G2_DM	275	2	5	0	1
G2_DM	276	2	5	0	1
G2_DM	277	2	5	0	1
G2_DM	278	2	5	0	1
G2_DM	279	2	5	0	1
G2_DM	280	2	5	0	1
G2_DM	281	2	5	0	1
G2_DM	282	2	4	0	1
G2_DM	283	2	4	0	1
G2_DM	284	2	4	0	1
G2_DM	285	2	4	0	1
G2_DM	286	2	4	0	1
G2_DM	287	2	4	0	1
G2_DM	288	2	4	0	1
G2_DM	289	3	4	0	0
G2_DM	290	3	3	0	0
G2_DM	291	3	3	0	0
G2_DM	292	3	3	0	0
G2_DM	293	3	3	0	0
G2_DM	294	3	3	0	0
G2_DM	295	3	3	0	0
G2_DM	296	3	3	0	0
G2_DM	297	3	3	0	0
G2_DM	298	3	3	0	0
G2_DM	299	3	2	0	0
G2_DM	300	3	3	0	0
G2_DM	301	3	3	0	0
G2_DM	302	3	3	0	0
G2_DM	303	3	3	0	0
G2_DM	304	3	3	0	0
G2_DM	305	3	3	0	0
G2_DM	306	3	3	0	1
G2_DM	307	2	2	0	1
G2_DM	308	2	2	0	1
G2_DM	309	2	2	0	1
G2_DM	310	2	2	0	1
G2_DM	311	2	2	0	1
G2_DM	312	2	2	0	1
G2_DM	313	2	2	0	1
G2_DM	314	2	2	0	1
G2_DM	315	2	1	0	1
G2_DM	316	2	1	0	1
G2_DM	317	2	1	0	1
G2_DM	318	2	1	0	1
G2_DM	319	1	1	0	1
G2_DM	320	1	1	0	1
G2_DM	321	1	1	0	1
G2_DM	322	1	1	0	1
G2_DM	323	1	1	0	1
G2_DM	324	1	1	0	1
G2_DM	325	1	1	0	1
G2_DM	326	1	1	1	1
G2_DM	327	1	1	1	1
G2_DM	328	1	1	1	1
G2_DM	329	1	0	2	1
G2_DM	330	1	0	2	1
G2_DM	331	1	1	2	1
G2_DM	332	2	1	2	1
G2_DM	333	2	1	2	1
G2_DM	334	2	1	2	1
G2_DM	335	2	2	2	1
G2_DM	336	2	2	2	1
G2_DM	337	2	2	2	1
G2_DM	338	2	3	2	1
G2_DM	339	2	3	2	1
G2_DM	340	2	3	2	1
G2_DM	341	2	3	2	1
G2_DM	342	2	3	2	1
G2_DM	343	2	3	2	1
G2_DM	344	2	3	2	1
G2_DM	345	2	3	2	1
G2_DM	346	2	3	2	1
G2_DM	347	2	3	2	1
G2_DM	348	2	3	2	1
G2_DM	349	2	3	2	1
G2_DM	350	3	3	2	1
G2_DM	351	4	3	2	1
G2_DM	352	4	3	2	1
G2_DM	353	4	3	2	1
G2_DM	354	4	3	2	1
G2_DM	355	4	3	2	1
G2_DM	356	4	3	2	1
G2_DM	357	4	3	2	1
G2_DM	358	4	3	2	1
G2_DM	359	4	3	2	1
G2_DM	360	4	3	2	1
G2_DM	361	4	3	2	1
G2_DM	362	4	3	2	1
G2_DM	363	4	3	2	1
G2_DM	364	4	3	2	1
G2_DM	365	4	3	2	1
G2_DM	366	4	3	2	1
G2_DM	367	4	3	2	1
G2_DM	368	4	4	2	1
G2_DM	369	4	4	2	1
G2_DM	370	4	4	2	1
G2_DM	371	4	4	2	1
G2_DM	372	4	4	2	1
G2_DM	373	4	4	2	1
G2_DM	374	4	4	2	1
G2_DM	375	4	4	2	1
G2_DM	376	4	4	2	1
G2_DM	377	4	4	2	1
G2_DM	378	4	4	2	0
G2_DM	379	4	4	2	0
G2_DM	380	5	4	2	0
G2_DM	381	5	4	2	0
G2_DM	382	5	4	2	0
G2_DM	383	5	4	2	0
G2_DM	384	5	4	2	0
G2_DM	385	5	4	2	0
G2_DM	386	5	4	2	0
G2_DM	387	5	4	2	0
G2_DM	388	4	4	2	0
G2_DM	389	4	4	2	0
G2_DM	390	4	4	2	0
G2_DM	391	4	4	2	0
G2_DM	392	4	4	2	0
G2_DM	393	4	4	2	0
G2_DM	394	4	4	2	0
G2_DM	395	4	5	2	0
G2_DM	396	4	5	2	0
G2_DM	397	4	5	2	0
G2_DM	398	4	5	2	0
G2_DM	399	4	5	2	0
G2_DM	400	5	5	2	0
G2_DM	401	5	5	2	0
G2_DM	402	5	5	1	0
G2_DM	403	6	5	1	0
G2_DM	404	6	5	1	0
G2_DM	405	6	5	0	0
G2_DM	406	6	5	0	0
G2_DM	407	6	5	0	0
G2_DM	408	6	6	0	0
G2_DM	409	6	6	0	0
G2_DM	410	6	6	0	0
G2_DM	411	6	6	0	0
G2_DM	412	7	6	0	0
G2_DM	413	7	6	0	0
G2_DM	414	7	5	0	0
G2_DM	415	7	5	0	0
G2_DM	416	7	5	0	0
G2_DM	417	7	5	0	0
G2_DM	418	7	5	0	0
G2_DM	419	7	5	0	0
G2_DM	420	7	4	0	0
G2_DM	421	7	4	0	0
G2_DM	422	7	4	0	0
G2_DM	423	7	4	0	0
G2_DM	424	7	4	0	0
G2_DM	425	7	4	0	0
G2_DM	426	7	4	0	0
G2_DM	427	7	4	0	0
G2_DM	428	7	4	0	0
G2_DM	429	7	4	0	0
G2_DM	430	7	4	0	0
G2_DM	431	7	3	0	0
G2_DM	432	6	3	1	0
G2_DM	433	6	3	1	0
G2_DM	434	6	3	1	0
G2_DM	435	7	3	1	0
G2_DM	436	7	3	1	0
G2_DM	437	7	3	1	0
G2_DM	438	7	3	1	0
G2_DM	439	7	3	1	0
G2_DM	440	7	3	1	0
G2_DM	441	7	3	1	0
G2_DM	442	7	3	1	0
G2_DM	443	7	3	1	0
G2_DM	444	7	3	1	0
G2_DM	445	7	3	1	0
G2_DM	446	7	3	1	0
G2_DM	447	6	3	1	0
G2_DM	448	6	3	1	0
G2_DM	449	5	3	1	0
G2_DM	450	5	3	1	0
G2_DM	451	5	3	1	0
G2_DM	452	5	3	1	0
G2_DM	453	5	3	1	0
G2_DM	454	5	3	1	0
G2_DM	455	5	3	1	0
G2_DM	456	5	3	1	0
G2_DM	457	5	3	1	0
G2_DM	458	5	3	1	0
G2_DM	459	5	3	1	0
G2_DM	460	5	3	1	0
G2_DM	461	5	3	1	0
G2_DM	462	5	3	1	0
G2_DM	463	5	3	1	0
G2_DM	464	5	3	1	0
G2_DM	465	5	3	1	0
G2_DM	466	5	3	1	0
G2_DM	467	5	3	1	0
G2_DM	468	5	2	1	0
G2_DM	469	5	2	1	0
G2_DM	470	5	3	1	0
G2_DM	471	5	3	1	0
G2_DM	472	5	3	1	0
G2_DM	473	5	3	1	0
G2_DM	474	5	3	1	0
G2_DM	475	5	3	1	0
G2_DM	476	5	3	1	0
G2_DM	477	5	4	1	0
G2_DM	478	5	4	1	0
G2_DM	479	5	4	1	0
G2_DM	480	4	4	1	0
G2_DM	481	4	4	1	0
G2_DM	482	4	4	1	0
G2_DM	483	4	4	1	0
G2_DM	484	4	4	1	0
G2_DM	485	4	4	1	0
G2_DM	486	4	4	1	0
G2_DM	487	4	4	1	0
G2_DM	488	4	4	1	0
G2_DM	489	4	4	1	0
G2_DM	490	4	4	1	0
G2_DM	491	4	4	1	0
G2_DM	492	4	4	1	0
G2_DM	493	4	4	1	0
G2_DM	494	4	4	2	0
G2_DM	495	4	3	2	0
G2_DM	496	4	3	2	0
G2_DM	497	4	3	2	0
G2_DM	498	4	3	2	0
G2_DM	499	3	3	2	0
G2_DM	500	3	3	2	0
G2_DM	501	3	3	2	0
G2_DM	502	3	3	2	0
G2_DM	503	2	3	2	0
G2_DM	504	2	3	2	0
G2_DM	505	2	3	2	0
G2_DM	506	2	3	2	0
G2_DM	507	2	3	2	0
G2_DM	508	1	2	1	0
G2_DM	509	1	2	1	0
G2_DM	510	1	2	1	0
G2_DM	511	1	2	1	0
G2_DM	512	1	2	1	0
G2_DM	513	1	2	1	0
G2_DM	514	1	2	1	0
G2_DM	515	1	3	1	0
G2_DM	516	1	3	1	0
G2_DM	517	1	3	1	0
G2_DM	518	1	3	1	0
G2_DM	519	1	3	1	0
G2_DM	520	1	3	1	0
G2_DM	521	1	3	1	0
G2_DM	522	1	3	1	0
G2_DM	523	1	3	1	0
G2_DM	524	1	3	2	0
G2_DM	525	1	3	2	0
G2_DM	526	1	3	2	0
G2_DM	527	1	3	2	0
G2_DM	528	1	4	2	0
G2_DM	529	1	4	2	0
G2_DM	530	1	4	2	0
G2_DM	531	1	4	2	0
G2_DM	532	1	4	2	0
G2_DM	533	1	4	2	0
G2_DM	534	1	4	2	0
G2_DM	535	0	4	2	0
G2_DM	536	0	4	2	0
G2_DM	537	0	4	2	0
G2_DM	538	0	4	2	0
G2_DM	539	0	4	2	0
G2_DM	540	0	4	2	0
G2_DM	541	0	4	2	0
G2_DM	542	0	4	2	0
G2_DM	543	0	4	2	0
G2_DM	544	0	4	2	0
G2_DM	545	0	4	2	0
G2_DM	546	0	4	2	0
G2_DM	547	0	4	2	0
G2_DM	548	0	4	2	0
G2_DM	549	0	4	2	0
G2_DM	550	0	4	3	0
G2_DM	551	0	4	3	0
G2_DM	552	0	4	3	0
G2_DM	553	0	3	3	0
G2_DM	554	0	3	3	0
G2_DM	555	0	3	3	0
G2_DM	556	0	3	3	0
G2_DM	557	0	3	3	0
G2_DM	558	0	3	3	0
G2_DM	559	0	3	3	0
G2_DM	560	0	3	3	0
G2_DM	561	0	3	3	0
G2_DM	562	1	3	3	0
G2_DM	563	1	3	3	0
G2_DM	564	1	3	3	0
G2_DM	565	1	3	3	0
G2_DM	566	1	3	3	0
G2_DM	567	2	3	3	0
G2_DM	568	2	3	3	0
G2_DM	569	2	3	3	0
G2_DM	570	2	3	2	0
G2_DM	571	2	3	2	0
G2_DM	572	2	3	2	0
G2_DM	573	2	3	2	0
G2_DM	574	2	3	2	0
G2_DM	575	2	3	2	0
G2_DM	576	2	3	2	0
G2_DM	577	2	2	2	0
G2_DM	578	2	2	2	0
G2_DM	579	2	2	2	0
G2_DM	580	2	2	2	0
G2_DM	581	2	2	2	0
G2_DM	582	2	2	2	0
G2_DM	583	2	2	2	0
G2_DM	584	2	2	2	0
G2_DM	585	2	2	2	0
G2_DM	586	2	2	2	0
G2_DM	587	2	2	2	0
G2_DM	588	2	2	2	0
G2_DM	589	2	2	2	0
G2_DM	590	2	2	2	0
G2_DM	591	2	2	2	0
G2_DM	592	2	2	2	0
G2_DM	593	2	2	2	0
G2_DM	594	2	2	2	0
G2_DM	595	2	2	2	0
G2_DM	596	2	2	2	0
G2_DM	597	2	2	1	0
G2_DM	598	2	2	1	0
G2_DM	599	2	2	1	0
G2_DM	600	2	2	1	0
G2_DM	601	2	2	1	0
G2_DM	602	2	2	1	0
G2_DM	603	2	2	1	0
G2_DM	604	2	2	2	0
G2_DM	605	2	2	2	0
G2_DM	606	2	2	2	0
G2_DM	607	2	2	2	0
G2_DM	608	2	2	2	0
G2_DM	609	2	2	2	0
G2_DM	610	3	3	2	0
G2_DM	611	3	3	2	0
G2_DM	612	3	3	2	0
G2_DM	613	3	3	2	0
G2_DM	614	3	3	2	0
G2_DM	615	3	2	2	0
G2_DM	616	3	2	2	0
G2_DM	617	3	2	2	0
G2_DM	618	3	2	2	0
G2_DM	619	3	2	2	0
G2_DM	620	3	2	2	0
G2_DM	621	3	2	2	0
G2_DM	622	3	3	1	0
G2_DM	623	4	2	1	0
G2_DM	624	4	2	1	0
G2_DM	625	4	2	1	0
G2_DM	626	4	2	1	0
G2_DM	627	4	2	1	0
G2_DM	628	4	2	1	0
G2_DM	629	4	2	1	0
G2_DM	630	4	2	1	0
G2_DM	631	4	2	1	0
G2_DM	632	4	2	1	0
G2_DM	633	4	2	1	0
G2_DM	634	4	2	1	0
G2_DM	635	4	2	1	0
G2_DM	636	4	2	1	0
G2_DM	637	4	2	1	0
G2_DM	638	4	2	1	0
G2_DM	639	4	2	1	0
G2_DM	640	4	2	1	0
G2_DM	641	4	2	1	0
G2_DM	642	4	2	1	0
G2_DM	643	4	2	1	0
G2_DM	644	4	2	1	0
G2_DM	645	4	2	1	0
G2_DM	646	4	2	1	0
G2_DM	647	4	2	1	0
G2_DM	648	4	2	1	0
G2_DM	649	4	2	1	0
G2_DM	650	4	2	1	0
G2_DM	651	4	2	1	1
G2_DM	652	4	2	1	1
G2_DM	653	4	2	1	1
G2_DM	654	4	2	1	1
G2_DM	655	4	2	1	1
G2_DM	656	4	2	1	1
G2_DM	657	4	2	1	1
G2_DM	658	4	2	1	1
G2_DM	659	3	2	1	1
G2_DM	660	3	2	1	1
G2_DM	661	3	2	1	1
G2_DM	662	2	2	1	1
G2_DM	663	2	2	1	1
G2_DM	664	2	2	1	1
G2_DM	665	2	2	1	1
G2_DM	666	2	2	1	1
G2_DM	667	2	2	1	1
G2_DM	668	2	2	1	1
G2_DM	669	2	2	1	1
G2_DM	670	2	2	1	1
G2_DM	671	2	2	1	1
G2_DM	672	2	3	1	1
G2_DM	673	2	3	1	1
G2_DM	674	2	3	1	1
G2_DM	675	1	3	1	1
G2_DM	676	1	3	1	1
G2_DM	677	1	3	1	1
G2_DM	678	1	3	0	1
G2_DM	679	1	3	0	1
G2_DM	680	1	3	0	1
G2_DM	681	1	3	0	1
G2_DM	682	2	3	0	1
G2_DM	683	2	3	0	1
G2_DM	684	2	3	0	1
G2_DM	685	1	3	0	1
G2_DM	686	1	3	0	1
G2_DM	687	1	3	0	1
G2_DM	688	1	3	1	1
G2_DM	689	1	3	1	1
G2_DM	690	1	3	1	1
G2_DM	691	1	3	1	1
G2_DM	692	1	3	1	1
G2_DM	693	1	3	1	1
G2_DM	694	1	3	1	1
G2_DM	695	1	3	1	1
G2_DM	696	1	3	1	1
G2_DM	697	1	3	1	1
G2_DM	698	1	3	1	1
G2_DM	699	1	3	1	1
G2_DM	700	1	3	1	2
G2_DM	701	1	3	1	2
G2_DM	702	2	3	1	2
G2_DM	703	3	3	1	2
G2_DM	704	6	3	1	2
G2_DM	705	6	3	1	2
G2_DM	706	7	3	1	2
G2_DM	707	7	3	1	2
G2_DM	708	8	3	1	2
G2_DM	709	8	3	1	2
G2_DM	710	8	2	1	2
G2_DM	711	8	2	1	2
G2_DM	712	8	2	1	2
G2_DM	713	8	2	1	2
G2_DM	714	8	2	1	2
G2_DM	715	8	2	1	2
G2_DM	716	8	1	1	2
G2_DM	717	9	1	1	2
G2_DM	718	9	1	1	2
G2_DM	719	9	1	1	2
G2_DM	720	9	1	1	2
G2_DM	721	8	1	1	2
G2_DM	722	8	1	1	3
G2_DM	723	8	1	1	2
G2_DM	724	8	1	1	2
G2_DM	725	8	1	1	2
G2_DM	726	8	1	1	2
G2_DM	727	8	1	1	2
G2_DM	728	8	1	1	2
G2_DM	729	8	1	1	2
G2_DM	730	8	1	1	2
G2_DM	731	8	1	1	3
G2_DM	732	8	1	1	3
G2_DM	733	8	1	1	3
G2_DM	734	8	1	1	3
G2_DM	735	8	1	1	3
G2_DM	736	8	1	1	3
G2_DM	737	8	1	1	3
G2_DM	738	8	1	1	3
G2_DM	739	8	1	1	3
G2_DM	740	8	1	1	3
G2_DM	741	8	1	1	3
G2_DM	742	8	1	1	3
G2_DM	743	8	1	1	3
G2_DM	744	8	1	1	3
G2_DM	745	8	1	1	3
G2_DM	746	8	1	1	3
G2_DM	747	8	1	1	3
G2_DM	748	8	1	1	3
G2_DM	749	8	1	1	3
G2_DM	750	8	1	1	3
G2_DM	751	8	1	1	3
G2_DM	752	8	1	1	3
G2_DM	753	8	1	1	3
G2_DM	754	8	1	1	3
G2_DM	755	8	1	1	3
G2_DM	756	8	1	1	3
G2_DM	757	8	1	1	3
G2_DM	758	8	1	1	3
G2_DM	759	8	1	1	3
G2_DM	760	8	2	1	3
G2_DM	761	8	2	1	3
G2_DM	762	8	2	1	3
G2_DM	763	8	2	1	3
G2_DM	764	8	2	0	3
G2_DM	765	8	2	0	3
G2_DM	766	8	2	0	3
G2_DM	767	8	2	0	3
G2_DM	768	8	2	0	3
G2_DM	769	8	2	0	3
G2_DM	770	8	2	0	3
G2_DM	771	8	2	0	3
G2_DM	772	8	1	0	3
G2_DM	773	8	1	0	3
G2_DM	774	8	1	0	3
G2_DM	775	8	1	0	2
G2_DM	776	8	1	0	2
G2_DM	777	9	1	0	2
G2_DM	778	9	1	0	2
G2_DM	779	9	1	0	2
G2_DM	780	9	1	0	2
G2_DM	781	9	1	0	2
G2_DM	782	9	1	0	2
G2_DM	783	8	1	0	2
G2_DM	784	8	1	0	2
G2_DM	785	8	1	0	2
G2_DM	786	8	1	0	2
G2_DM	787	8	2	0	2
G2_DM	788	9	2	0	2
G2_DM	789	9	2	0	2
G2_DM	790	9	2	0	2
G2_DM	791	9	2	0	2
G2_DM	792	9	2	0	2
G2_DM	793	6	2	0	2
G2_DM	794	6	2	0	2
G2_DM	795	6	2	0	1
G2_DM	796	7	2	0	1
G2_DM	797	7	3	0	1
G2_DM	798	7	3	0	1
G2_DM	799	7	3	0	1
G2_DM	800	7	4	0	2
G2_DM	801	7	4	0	2
G2_DM	802	6	5	0	2
G2_DM	803	5	5	0	2
G2_DM	804	4	5	0	2
G2_DM	805	4	5	0	2
G2_DM	806	4	5	0	2
G2_DM	807	4	5	0	1
G2_DM	808	3	5	0	1
G2_DM	809	3	5	0	1
G2_DM	810	3	5	0	1
G2_DM	811	3	5	0	1
G2_DM	812	3	5	0	1
G2_DM	813	3	5	0	1
G2_DM	814	3	5	0	1
G2_DM	815	3	5	0	1
G2_DM	816	3	5	0	1
G2_DM	817	3	5	0	1
G2_DM	818	3	5	0	1
G2_DM	819	3	5	0	1
G2_DM	820	3	5	0	1
G2_DM	821	4	5	0	1
G2_DM	822	4	5	0	1
G2_DM	823	4	5	0	1
G2_DM	824	4	5	0	1
G2_DM	825	4	5	0	1
G2_DM	826	4	5	0	1
G2_DM	827	4	5	0	1
G2_DM	828	4	5	0	1
G2_DM	829	4	5	0	1
G2_DM	830	4	5	0	1
G2_DM	831	4	5	0	1
G2_DM	832	4	5	0	1
G2_DM	833	4	5	0	1
G2_DM	834	4	5	1	2
G2_DM	835	4	5	1	2
G2_DM	836	4	5	1	2
G2_DM	837	4	5	1	2
G2_DM	838	4	6	1	2
G2_DM	839	4	6	1	2
G2_DM	840	4	6	1	2
G2_DM	841	4	6	1	2
G2_DM	842	4	6	1	2
G2_DM	843	4	6	1	2
G2_DM	844	4	6	1	2
G2_DM	845	4	6	1	2
G2_DM	846	4	6	1	2
G2_DM	847	4	6	1	2
G2_DM	848	4	6	1	2
G2_DM	849	4	6	1	2
G2_DM	850	4	6	1	2
G2_DM	851	4	6	1	2
G2_DM	852	4	7	1	2
G2_DM	853	4	7	1	3
G2_DM	854	4	7	1	3
G2_DM	855	4	8	1	3
G2_DM	856	4	8	1	3
G2_DM	857	5	8	1	3
G2_DM	858	5	8	1	3
G2_DM	859	5	8	1	3
G2_DM	860	5	7	1	3
G2_DM	861	7	7	1	3
G2_DM	862	7	7	1	3
G2_DM	863	7	7	1	3
G2_DM	864	7	7	1	3
G2_DM	865	7	7	1	3
G2_DM	866	7	7	1	3
G2_DM	867	7	7	1	3
G2_DM	868	7	7	1	3
G2_DM	869	8	7	1	3
G2_DM	870	8	7	1	3
G2_DM	871	8	7	1	3
G2_DM	872	8	7	1	3
G2_DM	873	8	7	1	2
G2_DM	874	8	7	1	2
G2_DM	875	8	7	1	2
G2_DM	876	7	7	1	2
G2_DM	877	7	7	1	2
G2_DM	878	7	7	1	2
G2_DM	879	8	7	1	2
G2_DM	880	8	7	1	2
G2_DM	881	8	7	1	2
G2_DM	882	8	6	1	2
G2_DM	883	8	6	1	2
G2_DM	884	8	6	1	2
G2_DM	885	9	6	1	2
G2_DM	886	9	7	1	2
G2_DM	887	9	6	1	2
G2_DM	888	8	6	1	2
G2_DM	889	8	6	1	2
G2_DM	890	8	6	1	2
G2_DM	891	8	6	1	2
G2_DM	892	8	6	1	2
G2_DM	893	8	6	1	2
G2_DM	894	8	6	1	2
G2_DM	895	7	6	1	2
G2_DM	896	7	6	1	2
G2_DM	897	7	5	1	2
G2_DM	898	7	4	1	2
G2_DM	899	7	4	1	3
G2_DM	900	7	3	1	3
G2_DM	901	7	3	1	3
G2_DM	902	7	3	1	3
G2_DM	903	7	3	1	3
G2_DM	904	7	3	0	3
G2_DM	905	7	3	0	2
G2_DM	906	7	3	0	2
G2_DM	907	7	3	0	2
G2_DM	908	7	3	0	2
G2_DM	909	7	3	0	2
G2_DM	910	7	3	0	2
G2_DM	911	7	3	0	2
G2_DM	912	7	3	0	2
G2_DM	913	7	3	0	2
G2_DM	914	7	3	0	2
G2_DM	915	7	3	0	2
G2_DM	916	7	3	0	2
G2_DM	917	7	3	0	2
G2_DM	918	6	3	0	2
G2_DM	919	6	3	0	2
G2_DM	920	6	3	0	2
G2_DM	921	6	3	0	2
G2_DM	922	6	3	0	2
G2_DM	923	6	3	0	2
G2_DM	924	6	3	0	2
G2_DM	925	6	3	0	2
G2_DM	926	6	3	0	2
G2_DM	927	6	3	0	2
G2_DM	928	6	3	0	2
G2_DM	929	6	3	0	1
G2_DM	930	6	3	0	1
G2_DM	931	6	3	0	1
G2_DM	932	6	3	0	1
G2_DM	933	6	3	0	1
G2_DM	934	6	3	0	1
G2_DM	935	6	3	0	1
G2_DM	936	6	3	0	1
G2_DM	937	6	3	0	1
G2_DM	938	6	3	0	1
G2_DM	939	6	3	0	1
G2_DM	940	6	3	0	1
G2_DM	941	6	3	0	1
G2_DM	942	6	3	0	1
G2_DM	943	6	3	0	1
G2_DM	944	6	3	0	1
G2_DM	945	6	3	0	1
G2_DM	946	6	3	0	1
G2_DM	947	6	3	0	1
G2_DM	948	6	3	0	1
G2_DM	949	6	3	0	1
G2_DM	950	5	3	1	1
G2_DM	951	4	2	1	2
G2_DM	952	4	2	1	2
G2_DM	953	4	2	1	2
G2_DM	954	3	2	1	2
G2_DM	955	3	1	1	2
G2_DM	956	3	1	1	2
G2_DM	957	3	1	2	2
G2_DM	958	3	1	2	2
G2_DM	959	3	1	2	2
G2_DM	960	2	1	2	2
G2_DM	961	2	1	2	2
G2_DM	962	2	1	2	2
G2_DM	963	2	1	2	2
G2_DM	964	2	1	2	2
G2_DM	965	2	1	2	2
G2_DM	966	2	1	2	2
G2_DM	967	2	1	2	3
G2_DM	968	2	1	2	3
G2_DM	969	2	1	2	3
G2_DM	970	2	1	2	3
G2_DM	971	2	1	2	3
G2_DM	972	2	1	2	3
G2_DM	973	2	2	2	3
G2_DM	974	2	2	3	3
G2_DM	975	3	2	3	2
G2_DM	976	3	2	3	2
G2_DM	977	2	1	3	2
G2_DM	978	1	1	3	2
G2_DM	979	1	1	3	2
G2_DM	980	1	1	3	2
G2_DM	981	1	1	3	2
G2_DM	982	1	1	3	2
G2_DM	983	1	1	3	2
G2_DM	984	1	1	3	2
G2_DM	985	1	1	3	2
G2_DM	986	1	1	3	2
G2_DM	987	1	1	3	2
G2_DM	988	1	1	3	2
G2_DM	989	1	1	3	2
G2_DM	990	1	1	3	2
G2_DM	991	1	1	3	2
G2_DM	992	1	1	3	2
G2_DM	993	1	1	4	2
G2_DM	994	1	1	4	2
G2_DM	995	1	1	4	2
G2_DM	996	1	1	4	2
G2_DM	997	1	1	4	2
G2_DM	998	1	1	4	3
G2_DM	999	1	1	4	3
G2_DM	1000	1	1	4	3
G2_DM	1001	1	1	4	3
G2_DM	1002	1	1	4	3
G2_DM	1003	1	2	4	3
G2_DM	1004	1	2	4	3
G2_DM	1005	1	2	4	3
G2_DM	1006	1	2	4	3
G2_DM	1007	1	2	4	3
G2_DM	1008	1	2	4	3
G2_DM	1009	1	2	4	3
G2_DM	1010	1	2	4	3
G2_DM	1011	1	2	4	3
G2_DM	1012	1	2	4	3
G2_DM	1013	1	2	4	3
G2_DM	1014	1	2	4	3
G2_DM	1015	1	2	4	3
G2_DM	1016	2	2	4	3
G2_DM	1017	2	2	4	3
G2_DM	1018	2	2	4	3
G2_DM	1019	2	2	4	3
G2_DM	1020	2	2	4	3
G2_DM	1021	2	2	4	3
G2_DM	1022	2	2	4	3
G2_DM	1023	2	2	4	3
G2_DM	1024	2	2	4	3
G2_DM	1025	2	2	4	3
G2_DM	1026	2	2	3	3
G2_DM	1027	2	2	3	2
G2_DM	1028	2	2	3	2
G2_DM	1029	3	2	3	2
G2_DM	1030	3	2	3	2
G2_DM	1031	3	4	3	2
G2_DM	1032	3	4	3	2
G2_DM	1033	3	4	2	2
G2_DM	1034	3	4	2	2
G2_DM	1035	3	4	2	2
G2_DM	1036	3	4	2	2
G2_DM	1037	3	4	2	2
G2_DM	1038	4	6	3	2
G2_DM	1039	4	6	3	2
G2_DM	1040	4	6	3	2
G2_DM	1041	4	6	3	2
G2_DM	1042	4	6	3	2
G2_DM	1043	4	6	3	1
G2_DM	1044	4	6	3	1
G2_DM	1045	4	6	3	1
G2_DM	1046	4	6	3	1
G2_DM	1047	4	6	3	1
G2_DM	1048	4	6	3	1
G2_DM	1049	4	6	3	1
G2_DM	1050	4	6	2	1
G2_DM	1051	4	6	2	1
G2_DM	1052	4	6	2	1
G2_DM	1053	4	6	2	1
G2_DM	1054	4	6	3	1
G2_DM	1055	4	6	3	1
G2_DM	1056	4	6	3	1
G2_DM	1057	4	6	3	1
G2_DM	1058	4	6	3	1
G2_DM	1059	4	6	3	1
G2_DM	1060	4	6	3	1
G2_DM	1061	4	6	3	1
G2_DM	1062	4	6	3	1
G2_DM	1063	4	6	3	1
G2_DM	1064	4	6	3	1
G2_DM	1065	4	6	3	1
G2_DM	1066	4	6	3	1
G2_DM	1067	4	6	3	1
G2_DM	1068	4	6	3	1
G2_DM	1069	4	6	2	1
G2_DM	1070	4	6	2	1
G2_DM	1071	3	6	2	1
G2_DM	1072	3	6	2	1
G2_DM	1073	3	5	2	1
G2_DM	1074	3	5	2	0
G2_DM	1075	3	5	2	0
G2_DM	1076	3	5	2	0
G2_DM	1077	3	5	2	0
G2_DM	1078	3	5	2	0
G2_DM	1079	3	5	2	0
G2_DM	1080	3	5	2	0
G2_DM	1081	3	5	2	0
G2_DM	1082	3	5	2	0
G2_DM	1083	3	5	2	0
G2_DM	1084	3	5	2	0
G2_DM	1085	3	5	2	0
G2_DM	1086	3	5	2	0
G2_DM	1087	3	5	2	0
G2_DM	1088	3	5	2	0
G2_DM	1089	3	5	2	0
G2_DM	1090	3	5	2	0
G2_DM	1091	3	5	2	0
G2_DM	1092	3	6	2	0
G2_DM	1093	3	6	2	0
G2_DM	1094	3	6	2	0
G2_DM	1095	4	6	2	0
G2_DM	1096	4	6	2	0
G2_DM	1097	4	6	2	0
G2_DM	1098	4	6	2	0
G2_DM	1099	4	6	2	0
G2_DM	1100	4	6	2	0
G2_DM	1101	4	6	2	0
G2_DM	1102	4	6	2	0
G2_DM	1103	4	5	2	0
G2_DM	1104	4	5	2	0
G2_DM	1105	4	5	2	0
G2_DM	1106	4	5	2	0
G2_DM	1107	4	6	2	0
G2_DM	1108	4	6	2	0
G2_DM	1109	4	6	2	0
G2_DM	1110	4	6	2	0
G2_DM	1111	4	6	2	0
G2_DM	1112	3	7	1	0
G2_DM	1113	3	8	1	0
G2_DM	1114	3	8	1	0
G2_DM	1115	3	8	1	0
G2_DM	1116	3	8	1	0
G2_DM	1117	3	8	1	0
G2_DM	1118	3	8	1	0
G2_DM	1119	3	8	1	0
G2_DM	1120	3	8	1	0
G2_DM	1121	3	6	1	0
G2_DM	1122	3	6	1	0
G2_DM	1123	3	6	1	0
G2_DM	1124	3	6	1	0
G2_DM	1125	3	6	1	0
G2_DM	1126	3	6	1	0
G2_DM	1127	3	6	1	0
G2_DM	1128	2	6	1	0
G2_DM	1129	2	6	1	0
G2_DM	1130	2	6	0	0
G2_DM	1131	1	6	0	0
G2_DM	1132	1	6	0	0
G2_DM	1133	1	6	0	0
G2_DM	1134	1	6	0	0
G2_DM	1135	1	6	0	0
G2_DM	1136	1	5	0	0
G2_DM	1137	1	4	0	0
G2_DM	1138	1	4	0	0
G2_DM	1139	1	4	0	0
G2_DM	1140	1	4	0	0
G2_DM	1141	1	4	0	0
G2_DM	1142	1	4	0	0
G2_DM	1143	1	4	0	0
G2_DM	1144	1	4	0	0
G2_DM	1145	1	4	0	0
G2_DM	1146	1	4	0	0
G2_DM	1147	2	4	0	0
G2_DM	1148	2	4	0	0
G2_DM	1149	2	4	1	0
G2_DM	1150	2	4	1	0
G2_DM	1151	2	4	1	0
G2_DM	1152	2	4	1	0
G2_DM	1153	2	4	1	0
G2_DM	1154	2	4	1	0
G2_DM	1155	2	4	1	0
G2_DM	1156	2	4	1	0
G2_DM	1157	2	4	1	0
G2_DM	1158	2	4	1	0
G2_DM	1159	2	4	1	0
G2_DM	1160	2	4	1	0
G2_DM	1161	2	4	1	0
G2_DM	1162	2	4	1	0
G2_DM	1163	2	4	1	0
G2_DM	1164	2	4	1	0
G2_DM	1165	2	4	1	0
G2_DM	1166	2	4	1	0
G2_DM	1167	2	4	1	0
G2_DM	1168	2	4	1	0
G2_DM	1169	2	4	1	0
G2_DM	1170	2	4	1	0
G2_DM	1171	2	4	1	0
G2_DM	1172	2	5	1	0
G2_DM	1173	2	5	1	0
G2_DM	1174	2	5	1	0
G2_DM	1175	2	5	1	0
G2_DM	1176	2	5	1	0
G2_DM	1177	2	5	1	0
G2_DM	1178	2	5	1	0
G2_DM	1179	2	5	1	0
G2_DM	1180	2	5	1	0
G2_DM	1181	2	5	1	0
G2_DM	1182	2	5	1	0
G2_DM	1183	2	5	1	0
G2_DM	1184	3	5	1	0
G2_DM	1185	3	5	1	0
G2_DM	1186	3	5	1	0
G2_DM	1187	3	5	1	0
G2_DM	1188	3	5	1	0
G2_DM	1189	3	5	1	0
G2_DM	1190	3	5	1	0
G2_DM	1191	3	4	1	0
G2_DM	1192	3	4	1	0
G2_DM	1193	4	4	1	0
G2_DM	1194	4	4	1	0
G2_DM	1195	3	4	1	0
G2_DM	1196	3	4	1	0
G2_DM	1197	3	4	1	0
G2_DM	1198	3	4	1	0
G2_DM	1199	3	4	1	0
G2_DM	1200	3	4	1	0
G2_DM	1201	3	4	1	0
G2_DM	1202	3	4	1	0
G2_DM	1203	3	4	1	0
G2_DM	1204	3	4	1	0
G2_DM	1205	3	4	1	0
G2_DM	1206	3	3	1	0
G2_DM	1207	3	3	1	0
G2_DM	1208	3	2	1	0
G2_DM	1209	3	2	1	0
G2_DM	1210	4	2	1	0
G2_DM	1211	4	2	1	0
G2_DM	1212	4	1	1	0
G2_DM	1213	4	1	1	0
G2_DM	1214	4	1	1	0
G2_DM	1215	4	1	1	0
G2_DM	1216	4	1	1	0
G2_DM	1217	4	1	1	0
G2_DM	1218	4	1	1	0
G2_DM	1219	4	1	1	0
G2_DM	1220	4	1	1	0
G2_DM	1221	4	1	1	0
G2_DM	1222	4	1	1	0
G2_DM	1223	4	1	0	0
G2_DM	1224	4	1	0	0
G2_DM	1225	4	1	0	0
G2_DM	1226	4	2	0	0
G2_DM	1227	4	2	0	0
G2_DM	1228	4	2	0	0
G2_DM	1229	4	2	0	0
G2_DM	1230	4	2	0	0
G2_DM	1231	4	2	0	0
G2_DM	1232	4	2	0	0
G2_DM	1233	2	2	0	0
G2_DM	1234	2	2	0	0
G2_DM	1235	2	2	0	0
G2_DM	1236	2	2	0	0
G2_DM	1237	2	2	0	0
G2_DM	1238	2	2	0	0
G2_DM	1239	2	2	0	0
G2_DM	1240	2	2	0	0
G2_DM	1241	2	2	0	0
G2_DM	1242	2	2	0	0
G2_DM	1243	2	2	0	0
G2_DM	1244	2	2	0	0
G2_DM	1245	2	2	0	0
G2_DM	1246	2	2	0	0
G2_DM	1247	2	3	0	0
G2_DM	1248	2	3	0	0
G2_DM	1249	2	3	0	0
G2_DM	1250	2	3	0	0
G2_DM	1251	2	3	0	0
G2_DM	1252	2	3	0	0
G2_DM	1253	2	3	0	0
G2_DM	1254	2	3	0	0
G2_DM	1255	2	3	0	0
G2_DM	1256	2	3	0	0
G2_DM	1257	2	3	0	0
G2_DM	1258	2	3	0	0
G2_DM	1259	2	3	0	0
G2_DM	1260	2	3	0	0
G2_DM	1261	2	3	0	0
G2_DM	1262	2	3	0	0
G2_DM	1263	2	3	0	0
G2_DM	1264	2	3	0	0
G2_DM	1265	2	3	0	0
G2_DM	1266	2	3	0	0
G2_DM	1267	2	3	0	0
G2_DM	1268	2	3	0	0
G2_DM	1269	2	3	0	0
G2_DM	1270	2	3	0	0
G2_DM	1271	2	3	0	0
G2_DM	1272	2	2	0	0
G2_DM	1273	2	2	0	0
G2_DM	1274	2	2	0	0
G2_DM	1275	2	2	0	0
G2_DM	1276	2	2	0	0
G2_DM	1277	2	2	0	0
G2_DM	1278	2	2	0	0
G2_DM	1279	2	2	0	0
G2_DM	1280	1	2	0	0
G2_DM	1281	1	2	0	0
G2_DM	1282	1	2	0	0
G2_DM	1283	1	2	0	0
G2_DM	1284	1	2	0	0
G2_DM	1285	1	2	0	0
G2_DM	1286	1	2	0	0
G2_DM	1287	1	2	0	0
G2_DM	1288	1	2	0	0
G2_DM	1289	1	2	0	0
G2_DM	1290	1	2	0	0
G2_DM	1291	1	2	0	0
G2_DM	1292	1	2	0	0
G2_DM	1293	1	2	0	0
G2_DM	1294	1	2	0	0
G2_DM	1295	1	2	0	0
G2_DM	1296	1	2	0	0
G2_DM	1297	1	2	0	0
G2_DM	1298	1	2	0	0
G2_DM	1299	1	2	0	0
G2_DM	1300	1	2	0	0
G2_DM	1301	1	2	0	0
G2_DM	1302	1	2	0	0
G2_DM	1303	1	2	0	0
G2_DM	1304	1	2	0	0
G2_DM	1305	1	2	0	0
G2_DM	1306	1	2	0	0
G2_DM	1307	1	2	0	0
G2_DM	1308	0	2	0	0
G2_DM	1309	0	2	0	0
G2_DM	1310	0	2	0	0
G2_DM	1311	0	2	0	0
G2_DM	1312	0	2	0	0
G2_DM	1313	0	2	0	0
G2_DM	1314	0	2	0	0
G2_DM	1315	1	2	0	0
G2_DM	1316	1	2	0	0
G2_DM	1317	1	2	0	0
G2_DM	1318	1	2	0	0
G2_DM	1319	1	2	0	0
G2_DM	1320	1	2	0	0
G2_DM	1321	1	2	0	0
G2_DM	1322	1	2	0	0
G2_DM	1323	1	2	0	0
G2_DM	1324	1	2	0	0
G2_DM	1325	1	2	0	0
G2_DM	1326	1	1	0	0
G2_DM	1327	1	1	0	0
G2_DM	1328	1	1	0	0
G2_DM	1329	1	1	0	0
G2_DM	1330	1	1	0	0
G2_DM	1331	1	1	0	0
G2_DM	1332	1	1	0	0
G2_DM	1333	1	1	0	0
G2_DM	1334	1	1	0	0
G2_DM	1335	1	1	0	0
G2_DM	1336	1	1	0	0
G2_DM	1337	2	1	0	0
G2_DM	1338	2	0	0	0
G2_DM	1339	2	0	0	0
G2_DM	1340	2	0	0	0
G2_DM	1341	2	0	0	0
G2_DM	1342	2	0	0	0
G2_DM	1343	2	0	0	0
G2_DM	1344	2	0	0	0
G2_DM	1345	2	0	0	0
G2_DM	1346	2	0	0	0
G2_DM	1347	2	0	0	0
G2_DM	1348	2	0	0	0
G2_DM	1349	2	0	0	0
G2_DM	1350	2	0	0	0
G2_DM	1351	2	0	0	0
G2_DM	1352	2	0	0	0
G2_DM	1353	2	0	0	0
G2_DM	1354	2	0	0	0
G2_DM	1355	2	0	0	0
G2_DM	1356	2	0	0	0
G2_DM	1357	2	0	0	0
G2_DM	1358	2	0	0	0
G2_DM	1359	2	0	0	0
G2_DM	1360	2	0	0	0
G2_DM	1361	2	0	0	0
G2_DM	1362	2	0	0	0
G2_DM	1363	2	0	0	0
G2_DM	1364	2	0	0	0
G2_DM	1365	2	0	0	0
G2_DM	1366	2	0	0	0
G2_DM	1367	2	0	0	0
G2_DM	1368	2	0	0	0
G2_DM	1369	2	0	0	0
G2_DM	1370	2	0	0	0
G2_DM	1371	2	0	0	0
G2_DM	1372	2	0	0	0
G2_DM	1373	2	0	0	0
G2_DM	1374	2	0	0	0
G2_DM	1375	2	0	0	0
G2_DM	1376	2	0	0	0
G2_DM	1377	2	0	0	0
G2_DM	1378	2	0	0	0
G2_DM	1379	2	0	0	0
G2_DM	1380	2	0	0	0
G2_DM	1381	2	0	0	0
G2_DM	1382	2	0	0	0
G2_DM	1383	2	0	0	0
G2_DM	1384	2	0	0	0
G2_DM	1385	2	0	0	0
G2_DM	1386	2	0	0	0
G2_DM	1387	2	0	0	0
G2_DM	1388	2	0	0	0
G2_DM	1389	2	0	0	0
G2_DM	1390	2	0	0	0
G2_DM	1391	2	0	0	0
G2_DM	1392	2	0	0	0
G2_DM	1393	2	0	0	0
G2_DM	1394	2	0	0	0
G2_DM	1395	2	0	0	0
G2_DM	1396	2	0	0	0
G2_DM	1397	2	0	0	0
G2_DM	1398	2	0	0	0
G2_DM	1399	2	0	0	0
G2_DM	1400	2	0	0	0
G2_DM	1401	2	0	0	0
G2_DM	1402	2	0	0	0
G2_DM	1403	2	0	0	0
G2_DM	1404	2	0	0	0
G2_DM	1405	2	0	0	0
G2_DM	1406	2	0	0	0
G2_DM	1407	2	0	0	0
G2_DM	1408	2	0	0	0
G2_DM	1409	2	0	0	0
G2_DM	1410	2	0	0	0
G2_DM	1411	2	0	0	0
G2_DM	1412	1	0	0	0
G2_DM	1413	1	0	0	0
G2_DM	1414	1	0	0	0
G2_DM	1415	1	0	0	0
G2_DM	1416	1	0	0	0
G2_DM	1417	1	0	0	0
G2_DM	1418	1	0	0	0
G2_DM	1419	1	0	0	0
G2_DM	1420	1	0	0	0
G2_DM	1421	1	0	0	0
G2_DM	1422	1	0	0	0
G2_DM	1423	1	0	0	0
G2_DM	1424	1	0	0	0
G2_DM	1425	1	0	0	0
G2_DM	1426	1	0	0	0
G2_DM	1427	1	0	0	0
G2_DM	1428	1	0	0	0
G2_DM	1429	1	0	0	0
G2_DM	1430	1	0	0	0
G2_DM	1431	1	0	0	0
G2_DM	1432	1	0	0	0
G2_DM	1433	1	0	0	0
G2_DM	1434	1	0	0	0
G2_DM	1435	1	0	0	0
G2_DM	1436	0	0	0	0
G2_DM	1437	0	0	0	0
G2_DM	1438	0	0	0	0
G2_DM	1439	0	0	0	0
G2_DM	1440	0	0	0	0
G2_DM	1441	0	0	0	0
G2_DM	1442	0	0	0	0
G2_DM	1443	0	0	0	0
G2_DM	1444	0	0	0	0
G2_DM	1445	0	0	0	0
G2_DM	1446	0	0	0	0
G2_DM	1447	0	0	0	0
G2_DM	1448	0	0	0	0
G2_DM	1449	0	0	0	0
G2_DM	1450	0	0	0	0
G2_DM	1451	0	0	0	0
G2_DM	1452	0	0	0	0
G2_DM	1453	0	0	0	0
G2_DM	1454	0	0	0	0
G2_DM	1455	0	0	0	0
G2_DM	1456	0	0	0	0
G2_DM	1457	0	0	0	0
G2_DM	1458	0	0	0	0
G2_DM	1459	0	0	0	0
G2_DM	1460	0	0	0	0
G2_DM	1461	0	0	0	0
G2_DM	1462	0	0	0	0
G2_DM	1463	0	0	0	0
G2_DM	1464	1	0	0	0
G2_DM	1465	1	0	0	0
G2_DM	1466	2	0	0	0
G2_DM	1467	2	0	0	0
G2_DM	1468	2	0	0	0
G2_DM	1469	2	0	0	0
G2_DM	1470	2	0	0	0
G2_DM	1471	2	0	0	0
G2_DM	1472	2	0	0	0
G2_DM	1473	2	0	0	0
G2_DM	1474	2	0	0	0
G2_DM	1475	2	0	0	0
G2_DM	1476	2	0	0	0
G2_DM	1477	2	0	0	0
G2_DM	1478	2	0	0	0
G2_DM	1479	2	0	0	0
G2_DM	1480	2	0	0	0
G2_DM	1481	2	0	0	0
G2_DM	1482	2	0	0	0
G2_DM	1483	2	0	0	0
G2_DM	1484	2	1	0	0
G2_DM	1485	2	1	0	0
G2_DM	1486	2	1	0	0
G2_DM	1487	2	1	0	0
G2_DM	1488	2	1	0	0
G2_DM	1489	2	1	0	0
G2_DM	1490	2	1	0	0
G2_DM	1491	2	1	0	0
G2_DM	1492	2	1	0	0
G2_DM	1493	2	1	0	0
G2_DM	1494	2	1	0	0
G2_DM	1495	2	1	0	0
G2_DM	1496	2	1	0	0
G2_DM	1497	2	1	0	0
G2_DM	1498	2	1	0	0
G2_DM	1499	2	1	0	0
G2_DM	1500	2	1	0	0
G2_DM	1501	2	1	0	0
G2_DM	1502	2	1	0	0
G2_DM	1503	2	1	0	0
G2_DM	1504	2	1	0	0
G2_DM	1505	2	1	0	0
G2_DM	1506	2	2	0	0
G2_DM	1507	3	2	0	0
G2_DM	1508	3	2	0	0
G2_DM	1509	3	2	0	0
G2_DM	1510	3	2	0	0
G2_DM	1511	4	2	0	0
G2_DM	1512	4	2	1	0
G2_DM	1513	4	2	1	0
G2_DM	1514	4	2	1	0
G2_DM	1515	4	2	1	0
G2_DM	1516	4	2	1	0
G2_DM	1517	4	2	1	0
G2_DM	1518	4	2	1	0
G2_DM	1519	4	2	1	0
G2_DM	1520	4	2	1	0
G2_DM	1521	4	2	1	0
G2_DM	1522	4	2	1	0
G2_DM	1523	4	2	1	0
G2_DM	1524	4	2	1	0
G2_DM	1525	4	2	1	0
G2_DM	1526	4	2	1	0
G2_DM	1527	4	2	1	0
G2_DM	1528	4	3	1	0
G2_DM	1529	4	3	1	0
G2_DM	1530	5	4	1	0
G2_DM	1531	5	4	1	0
G2_DM	1532	5	4	1	0
G2_DM	1533	5	4	1	0
G2_DM	1534	5	4	1	0
G2_DM	1535	5	4	1	0
G2_DM	1536	5	4	1	0
G2_DM	1537	5	4	1	0
G2_DM	1538	5	4	1	0
G2_DM	1539	5	4	1	0
G2_DM	1540	4	4	1	0
G2_DM	1541	4	4	1	0
G2_DM	1542	4	4	1	0
G2_DM	1543	4	4	1	0
G2_DM	1544	4	4	1	0
G2_DM	1545	4	4	1	0
G2_DM	1546	4	4	1	0
G2_DM	1547	4	4	1	0
G2_DM	1548	4	4	1	0
G2_DM	1549	4	4	1	0
G2_DM	1550	4	4	1	0
G2_DM	1551	4	4	1	0
G2_DM	1552	5	4	1	0
G2_DM	1553	5	4	1	0
G2_DM	1554	6	4	1	0
G2_DM	1555	6	4	1	0
G2_DM	1556	6	4	1	0
G2_DM	1557	6	4	1	0
G2_DM	1558	6	4	1	0
G2_DM	1559	6	4	1	0
G2_DM	1560	5	4	1	0
G2_DM	1561	5	4	1	0
G2_DM	1562	5	4	1	0
G2_DM	1563	5	4	1	0
G2_DM	1564	5	4	1	0
G2_DM	1565	6	4	1	0
G2_DM	1566	6	4	1	0
G2_DM	1567	6	4	1	0
G2_DM	1568	6	4	1	0
G2_DM	1569	5	4	1	0
G2_DM	1570	5	4	1	0
G2_DM	1571	5	4	1	0
G2_DM	1572	5	4	1	0
G2_DM	1573	5	4	1	0
G2_DM	1574	5	4	1	0
G2_DM	1575	5	4	1	0
G2_DM	1576	5	3	1	0
G2_DM	1577	5	3	1	0
G2_DM	1578	5	4	1	0
G2_DM	1579	5	4	1	0
G2_DM	1580	5	4	1	0
G2_DM	1581	5	4	1	0
G2_DM	1582	5	3	1	0
G2_DM	1583	5	3	1	0
G2_DM	1584	5	3	1	0
G2_DM	1585	5	3	1	0
G2_DM	1586	5	3	1	0
G2_DM	1587	5	3	1	0
G2_DM	1588	5	3	0	0
G2_DM	1589	6	3	0	0
G2_DM	1590	6	4	0	0
G2_DM	1591	6	4	0	0
G2_DM	1592	6	4	0	0
G2_DM	1593	6	4	0	0
G2_DM	1594	6	4	0	0
G2_DM	1595	6	4	0	0
G2_DM	1596	6	4	0	0
G2_DM	1597	6	4	0	0
G2_DM	1598	6	4	0	0
G2_DM	1599	6	4	0	0
G2_DM	1600	6	4	0	0
G2_DM	1601	6	4	0	0
G2_DM	1602	6	4	0	0
G2_DM	1603	6	4	0	0
G2_DM	1604	6	4	0	0
G2_DM	1605	6	4	0	0
G2_DM	1606	6	4	0	0
G2_DM	1607	6	4	0	0
G2_DM	1608	6	4	0	0
G2_DM	1609	5	4	0	0
G2_DM	1610	5	4	1	0
G2_DM	1611	5	4	1	0
G2_DM	1612	6	4	2	0
G2_DM	1613	7	4	2	0
G2_DM	1614	7	3	2	0
G2_DM	1615	7	3	2	0
G2_DM	1616	7	3	2	0
G2_DM	1617	7	3	2	0
G2_DM	1618	7	3	2	0
G2_DM	1619	7	3	2	0
G2_DM	1620	7	3	2	0
G2_DM	1621	7	3	2	0
G2_DM	1622	7	3	2	0
G2_DM	1623	8	3	2	0
G2_DM	1624	8	3	2	0
G2_DM	1625	8	3	2	0
G2_DM	1626	8	3	2	0
G2_DM	1627	8	2	2	0
G2_DM	1628	8	2	2	0
G2_DM	1629	8	3	2	0
G2_DM	1630	7	3	2	0
G2_DM	1631	8	3	2	0
G2_DM	1632	8	3	2	0
G2_DM	1633	8	3	2	0
G2_DM	1634	8	3	2	0
G2_DM	1635	8	3	2	0
G2_DM	1636	8	3	2	0
G2_DM	1637	8	3	2	0
G2_DM	1638	8	3	2	0
G2_DM	1639	8	3	2	0
G2_DM	1640	8	3	2	0
G2_DM	1641	8	3	2	0
G2_DM	1642	8	3	2	0
G2_DM	1643	8	3	2	0
G2_DM	1644	8	3	2	0
G2_DM	1645	7	3	2	0
G2_DM	1646	7	3	2	0
G2_DM	1647	8	3	2	0
G2_DM	1648	8	3	2	0
G2_DM	1649	8	3	2	0
G2_DM	1650	8	3	2	0
G2_DM	1651	8	3	2	0
G2_DM	1652	8	3	2	0
G2_DM	1653	8	4	2	0
G2_DM	1654	7	4	2	0
G2_DM	1655	7	4	2	0
G2_DM	1656	7	4	2	0
G2_DM	1657	7	4	2	0
G2_DM	1658	8	4	2	0
G2_DM	1659	9	4	2	0
G2_DM	1660	9	4	2	0
G2_DM	1661	9	4	2	0
G2_DM	1662	9	4	2	0
G2_DM	1663	9	4	2	0
G2_DM	1664	9	4	2	0
G2_DM	1665	8	4	2	1
G2_DM	1666	8	4	2	1
G2_DM	1667	8	4	2	1
G2_DM	1668	8	4	2	1
G2_DM	1669	8	4	2	1
G2_DM	1670	8	4	2	1
G2_DM	1671	8	4	2	1
G2_DM	1672	8	4	2	1
G2_DM	1673	8	4	2	1
G2_DM	1674	8	4	2	1
G2_DM	1675	8	5	2	1
G2_DM	1676	8	5	2	1
G2_DM	1677	8	5	2	1
G2_DM	1678	8	4	2	1
G2_DM	1679	8	4	2	1
G2_DM	1680	8	4	2	1
G2_DM	1681	8	4	2	1
G2_DM	1682	8	4	2	1
G2_DM	1683	8	4	2	1
G2_DM	1684	8	4	2	1
G2_DM	1685	8	4	2	1
G2_DM	1686	7	4	0	1
G2_DM	1687	7	6	0	1
G2_DM	1688	7	6	0	1
G2_DM	1689	7	6	0	1
G2_DM	1690	7	5	0	1
G2_DM	1691	6	5	0	1
G2_DM	1692	6	5	0	1
G2_DM	1693	6	5	0	1
G2_DM	1694	6	5	0	1
G2_DM	1695	6	5	0	1
G2_DM	1696	6	5	0	1
G2_DM	1697	6	5	0	1
G2_DM	1698	6	5	0	1
G2_DM	1699	6	5	0	1
G2_DM	1700	6	5	0	1
G2_DM	1701	6	5	0	1
G2_DM	1702	6	5	0	1
G2_DM	1703	6	5	0	1
G2_DM	1704	6	5	0	1
G2_DM	1705	6	5	0	1
G2_DM	1706	6	5	0	1
G2_DM	1707	6	5	1	1
G2_DM	1708	6	5	1	1
G2_DM	1709	6	5	1	1
G2_DM	1710	6	5	1	1
G2_DM	1711	6	5	1	1
G2_DM	1712	5	5	1	1
G2_DM	1713	4	5	1	1
G2_DM	1714	4	5	1	1
G2_DM	1715	4	5	1	1
G2_DM	1716	4	5	1	1
G2_DM	1717	4	5	1	1
G2_DM	1718	4	5	1	1
G2_DM	1719	4	5	1	1
G2_DM	1720	3	5	1	1
G2_DM	1721	3	5	1	1
G2_DM	1722	3	5	1	1
G2_DM	1723	3	5	1	1
G2_DM	1724	3	5	1	1
G2_DM	1725	3	5	1	1
G2_DM	1726	3	5	1	1
G2_DM	1727	4	5	1	1
G2_DM	1728	5	5	1	1
G2_DM	1729	5	4	1	1
G2_DM	1730	5	4	1	1
G2_DM	1731	4	4	1	1
G2_DM	1732	4	4	1	1
G2_DM	1733	4	4	1	1
G2_DM	1734	4	4	1	1
G2_DM	1735	4	4	1	1
G2_DM	1736	4	4	1	1
G2_DM	1737	4	4	1	1
G2_DM	1738	4	4	1	1
G2_DM	1739	4	4	1	1
G2_DM	1740	4	4	1	0
G2_DM	1741	4	4	1	0
G2_DM	1742	4	4	1	0
G2_DM	1743	4	4	1	0
G2_DM	1744	4	4	1	0
G2_DM	1745	4	4	1	0
G2_DM	1746	4	4	1	0
G2_DM	1747	4	4	1	0
G2_DM	1748	4	4	1	0
G2_DM	1749	4	4	1	0
G2_DM	1750	4	4	1	0
G2_DM	1751	4	3	1	0
G2_DM	1752	4	3	1	0
G2_DM	1753	4	3	1	0
G2_DM	1754	4	3	1	0
G2_DM	1755	4	3	1	0
G2_DM	1756	4	3	1	0
G2_DM	1757	4	3	1	0
G2_DM	1758	3	3	1	0
G2_DM	1759	2	3	1	0
G2_DM	1760	2	3	1	0
G2_DM	1761	2	3	1	0
G2_DM	1762	2	3	1	0
G2_DM	1763	2	3	1	0
G2_DM	1764	2	3	1	0
G2_DM	1765	2	3	1	0
G2_DM	1766	2	3	1	0
G2_DM	1767	2	3	1	0
G2_DM	1768	2	3	1	0
G2_DM	1769	2	3	1	0
G2_DM	1770	2	3	1	0
G2_DM	1771	2	3	1	0
G2_DM	1772	2	3	1	0
G2_DM	1773	2	3	1	0
G2_DM	1774	2	3	1	0
G2_DM	1775	2	2	1	0
G2_DM	1776	2	2	1	0
G2_DM	1777	2	2	1	0
G2_DM	1778	2	2	1	0
G2_DM	1779	3	2	1	0
G2_DM	1780	3	2	1	0
G2_DM	1781	3	2	1	0
G2_DM	1782	3	2	1	0
G2_DM	1783	3	1	0	0
G2_DM	1784	3	1	0	0
G2_DM	1785	3	0	0	0
G2_DM	1786	4	0	0	0
G2_DM	1787	4	0	0	0
G2_DM	1788	4	0	0	0
G2_DM	1789	4	0	0	0
G2_DM	1790	4	0	0	0
G2_DM	1791	4	0	0	0
G2_DM	1792	4	0	0	0
G2_DM	1793	4	0	0	0
G2_DM	1794	4	0	0	0
G2_DM	1795	4	0	0	0
G2_DM	1796	4	0	0	0
G2_DM	1797	4	0	0	0
G2_DM	1798	4	0	0	0
G2_DM	1799	4	0	0	0
G2_DM	1800	4	0	0	0
G2_DM	1801	5	0	0	0
G2_DM	1802	5	0	0	0
G2_DM	1803	5	0	0	0
G2_DM	1804	5	0	0	0
G2_DM	1805	5	0	0	0
G2_DM	1806	5	0	0	0
G2_DM	1807	5	0	0	0
G2_DM	1808	5	0	0	0
G2_DM	1809	5	0	0	0
G2_DM	1810	5	0	0	0
G2_DM	1811	5	0	0	0
G2_DM	1812	5	0	0	0
G2_DM	1813	5	0	0	0
G2_DM	1814	5	0	0	0
G2_DM	1815	5	0	0	0
G2_DM	1816	5	0	0	0
G2_DM	1817	5	0	0	0
G2_DM	1818	5	0	0	0
G2_DM	1819	5	0	0	0
G2_DM	1820	6	0	0	0
G2_DM	1821	6	0	0	0
G2_DM	1822	6	0	0	0
G2_DM	1823	6	0	0	0
G2_DM	1824	6	0	0	0
G2_DM	1825	6	0	0	0
G2_DM	1826	6	0	0	0
G2_DM	1827	5	0	0	0
G2_DM	1828	4	0	0	0
G2_DM	1829	4	0	0	0
G2_DM	1830	4	0	0	0
G2_DM	1831	4	0	0	0
G2_DM	1832	5	0	0	0
G2_DM	1833	5	0	0	0
G2_DM	1834	5	0	0	0
G2_DM	1835	5	0	0	0
G2_DM	1836	5	0	0	0
G2_DM	1837	5	0	0	0
G2_DM	1838	5	0	0	0
G2_DM	1839	5	0	0	0
G2_DM	1840	5	0	0	0
G2_DM	1841	5	0	0	0
G2_DM	1842	5	0	0	0
G2_DM	1843	6	0	0	0
G2_DM	1844	6	0	0	0
G2_DM	1845	6	0	0	0
G2_DM	1846	6	0	0	0
G2_DM	1847	6	0	0	0
G2_DM	1848	6	0	0	0
G2_DM	1849	6	0	0	0
G2_DM	1850	7	0	0	0
G2_DM	1851	7	0	0	0
G2_DM	1852	7	0	0	0
G2_DM	1853	7	0	0	0
G2_DM	1854	7	0	0	0
G2_DM	1855	7	0	0	0
G2_DM	1856	7	0	0	0
G2_DM	1857	8	0	0	0
G2_DM	1858	8	0	0	0
G2_DM	1859	8	0	0	0
G2_DM	1860	8	0	0	0
G2_DM	1861	8	0	0	0
G2_DM	1862	8	0	0	0
G2_DM	1863	9	0	0	0
G2_DM	1864	9	0	0	0
G2_DM	1865	9	0	0	0
G2_DM	1866	9	0	0	0
G2_DM	1867	10	0	0	0
G2_DM	1868	10	0	0	0
G2_DM	1869	10	0	0	0
G2_DM	1870	10	0	0	0
G2_DM	1871	10	0	0	0
G2_DM	1872	10	0	0	0
G2_DM	1873	10	0	0	0
G2_DM	1874	10	0	0	0
G2_DM	1875	10	0	0	0
G2_DM	1876	10	0	0	0
G2_DM	1877	10	0	0	0
G2_DM	1878	10	0	0	0
G2_DM	1879	9	0	0	0
G2_DM	1880	9	0	0	0
G2_DM	1881	8	0	0	0
G2_DM	1882	8	0	0	0
G2_DM	1883	8	0	0	0
G2_DM	1884	8	0	0	0
G2_DM	1885	8	0	1	0
G2_DM	1886	8	0	1	0
G2_DM	1887	8	0	1	0
G2_DM	1888	8	0	1	0
G2_DM	1889	8	0	1	0
G2_DM	1890	8	0	1	1
G2_DM	1891	8	0	1	1
G2_DM	1892	8	0	1	1
G2_DM	1893	8	0	1	1
G2_DM	1894	8	0	1	1
G2_DM	1895	8	0	1	1
G2_DM	1896	8	0	1	1
G2_DM	1897	8	0	1	1
G2_DM	1898	8	0	1	1
G2_DM	1899	8	0	1	1
G2_DM	1900	7	0	1	1
G2_DM	1901	7	0	1	1
G2_DM	1902	7	0	1	1
G2_DM	1903	7	0	1	1
G2_DM	1904	7	0	1	1
G2_DM	1905	7	0	1	1
G2_DM	1906	8	0	1	1
G2_DM	1907	8	0	1	1
G2_DM	1908	8	0	1	1
G2_DM	1909	8	0	1	1
G2_DM	1910	8	0	1	1
G2_DM	1911	8	0	1	1
G2_DM	1912	8	0	1	1
G2_DM	1913	8	0	1	1
G2_DM	1914	8	0	1	1
G2_DM	1915	8	0	1	1
G2_DM	1916	8	0	1	1
G2_DM	1917	8	0	1	1
G2_DM	1918	8	0	1	1
G2_DM	1919	7	0	1	1
G2_DM	1920	7	0	1	1
G2_DM	1921	7	0	1	1
G2_DM	1922	7	0	1	1
G2_DM	1923	7	0	1	1
G2_DM	1924	7	0	1	1
G2_DM	1925	7	0	1	1
G2_DM	1926	7	1	1	1
G2_DM	1927	8	1	1	1
G2_DM	1928	9	1	1	1
G2_DM	1929	9	1	1	1
G2_DM	1930	9	1	1	1
G2_DM	1931	8	1	1	1
G2_DM	1932	8	1	1	1
G2_DM	1933	8	1	1	1
G2_DM	1934	8	1	1	1
G2_DM	1935	8	1	1	1
G2_DM	1936	8	1	1	1
G2_DM	1937	8	1	1	1
G2_DM	1938	8	1	1	1
G2_DM	1939	7	1	1	1
G2_DM	1940	7	1	1	1
G2_DM	1941	7	1	1	1
G2_DM	1942	7	1	1	1
G2_DM	1943	7	1	1	1
G2_DM	1944	7	1	1	1
G2_DM	1945	7	1	1	1
G2_DM	1946	7	1	1	1
G2_DM	1947	8	1	1	1
G2_DM	1948	9	1	1	1
G2_DM	1949	10	1	1	2
G2_DM	1950	9	1	1	2
G2_DM	1951	9	1	1	2
G2_DM	1952	9	1	1	2
G2_DM	1953	9	1	1	2
G2_DM	1954	9	1	1	2
G2_DM	1955	10	1	1	2
G2_DM	1956	10	1	1	2
G2_DM	1957	9	1	1	2
G2_DM	1958	9	1	1	2
G2_DM	1959	8	1	1	2
G2_DM	1960	8	1	1	2
G2_DM	1961	8	1	0	2
G2_DM	1962	8	1	0	3
G2_DM	1963	7	1	0	3
G2_DM	1964	7	1	0	3
G2_DM	1965	7	1	0	2
G2_DM	1966	7	1	0	2
G2_DM	1967	7	2	0	2
G2_DM	1968	7	2	0	2
G2_DM	1969	7	2	0	2
G2_DM	1970	7	2	0	2
G2_DM	1971	7	2	0	2
G2_DM	1972	7	2	0	2
G2_DM	1973	7	2	0	2
G2_DM	1974	7	2	0	2
G2_DM	1975	7	2	0	2
G2_DM	1976	7	2	0	2
G2_DM	1977	7	2	0	2
G2_DM	1978	7	2	0	2
G2_DM	1979	7	3	0	2
G2_DM	1980	7	3	0	2
G2_DM	1981	7	4	0	2
G2_DM	1982	7	4	0	2
G2_DM	1983	7	4	0	2
G2_DM	1984	7	4	0	2
G2_DM	1985	7	4	0	2
G2_DM	1986	7	4	0	2
G2_DM	1987	7	4	0	2
G2_DM	1988	7	4	0	2
G2_DM	1989	7	5	0	2
G2_DM	1990	7	5	0	2
G2_DM	1991	7	5	0	2
G2_DM	1992	7	5	0	2
G2_DM	1993	7	5	0	2
G2_DM	1994	7	5	0	2
G2_DM	1995	7	4	0	2
G2_DM	1996	7	4	0	2
G2_DM	1997	7	4	0	2
G2_DM	1998	7	5	0	2
G2_DM	1999	7	5	0	3
G2_DM	2000	6	5	0	3
G2_DM	2001	6	5	0	3
G2_DM	2002	6	5	0	3
G2_DM	2003	6	5	0	3
G2_DM	2004	6	5	0	3
G2_DM	2005	6	5	0	3
G2_DM	2006	6	5	0	3
G2_DM	2007	6	5	1	3
G2_DM	2008	6	5	1	3
G2_DM	2009	6	5	1	3
G2_DM	2010	6	5	1	3
G2_DM	2011	6	5	1	3
G2_DM	2012	6	6	1	3
G2_DM	2013	6	6	1	3
G2_DM	2014	6	6	1	3
G2_DM	2015	6	6	1	3
G2_DM	2016	6	6	1	4
G2_DM	2017	6	6	1	4
G2_DM	2018	6	6	1	4
G2_DM	2019	6	6	1	4
G2_DM	2020	6	6	1	4
G2_DM	2021	6	6	1	4
G2_DM	2022	6	6	1	4
G2_DM	2023	6	6	1	3
G2_DM	2024	6	6	1	3
G2_DM	2025	6	6	1	3
G2_DM	2026	6	6	1	3
G2_DM	2027	4	7	1	3
G2_DM	2028	3	7	1	3
G2_DM	2029	3	7	1	3
G2_DM	2030	3	7	1	3
G2_DM	2031	3	7	1	3
G2_DM	2032	3	7	1	3
G2_DM	2033	3	7	1	3
G2_DM	2034	3	7	1	2
G2_DM	2035	3	7	1	2
G2_DM	2036	3	6	1	2
G2_DM	2037	3	6	1	2
G2_DM	2038	3	6	1	2
G2_DM	2039	3	6	1	2
G2_DM	2040	3	6	1	2
G2_DM	2041	3	6	1	2
G2_DM	2042	3	6	1	2
G2_DM	2043	3	6	1	2
G2_DM	2044	3	6	1	2
G2_DM	2045	3	6	1	2
G2_DM	2046	2	6	1	2
G2_DM	2047	2	6	1	2
G2_DM	2048	2	6	1	2
G2_DM	2049	1	6	1	2
G2_DM	2050	1	6	1	2
G2_DM	2051	1	6	1	2
G2_DM	2052	1	6	1	2
G2_DM	2053	0	6	1	2
G2_DM	2054	0	6	1	2
G2_DM	2055	0	6	1	2
G2_DM	2056	0	6	1	2
G2_DM	2057	0	6	1	2
G2_DM	2058	0	6	1	2
G2_DM	2059	0	6	1	2
G2_DM	2060	0	6	1	2
G2_DM	2061	0	6	1	2
G2_DM	2062	0	6	1	2
G2_DM	2063	0	6	1	2
G2_DM	2064	0	6	1	2
G2_DM	2065	0	6	1	2
G2_DM	2066	0	6	1	2
G2_DM	2067	0	6	1	2
G2_DM	2068	0	6	1	2
G2_DM	2069	0	6	1	2
G2_DM	2070	0	6	1	2
G2_DM	2071	0	6	1	2
G2_DM	2072	0	6	1	2
G2_DM	2073	0	6	0	2
G2_DM	2074	0	6	0	1
G2_DM	2075	0	6	0	1
G2_DM	2076	0	6	0	1
G2_DM	2077	0	6	0	1
G2_DM	2078	0	6	0	1
G2_DM	2079	0	5	0	1
G2_DM	2080	1	6	0	1
G2_DM	2081	1	5	0	1
G2_DM	2082	1	5	0	1
G2_DM	2083	1	6	0	1
G2_DM	2084	1	6	0	1
G2_DM	2085	1	6	0	1
G2_DM	2086	1	6	0	1
G2_DM	2087	1	6	0	1
G2_DM	2088	1	6	0	1
G2_DM	2089	1	5	0	1
G2_DM	2090	1	4	0	1
G2_DM	2091	1	4	0	0
G2_DM	2092	1	4	0	0
G2_DM	2093	1	4	0	0
G2_DM	2094	1	4	0	0
G2_DM	2095	1	4	0	0
G2_DM	2096	1	4	0	0
G2_DM	2097	1	3	0	0
G2_DM	2098	1	3	0	0
G2_DM	2099	1	3	0	0
G2_DM	2100	1	3	0	0
G2_DM	2101	1	3	0	0
G2_DM	2102	1	3	0	0
G2_DM	2103	1	3	0	0
G2_DM	2104	1	3	0	0
G2_DM	2105	1	3	0	0
G2_DM	2106	1	3	0	0
G2_DM	2107	1	3	0	0
G2_DM	2108	1	3	0	0
G2_DM	2109	1	3	0	0
G2_DM	2110	1	3	0	0
G2_DM	2111	1	3	0	0
G2_DM	2112	1	3	0	0
G2_DM	2113	1	3	0	0
G2_DM	2114	1	3	0	0
G2_DM	2115	1	3	0	0
G2_DM	2116	1	3	0	0
G2_DM	2117	1	3	0	0
G2_DM	2118	1	3	0	0
G2_DM	2119	1	2	0	0
G2_DM	2120	1	2	0	0
G2_DM	2121	1	2	0	0
G2_DM	2122	1	2	0	0
G2_DM	2123	1	2	0	1
G2_DM	2124	1	2	0	1
G2_DM	2125	1	2	0	1
G2_DM	2126	1	2	0	1
G2_DM	2127	1	2	0	1
G2_DM	2128	1	2	0	1
G2_DM	2129	1	2	0	1
G2_DM	2130	1	2	0	1
G2_DM	2131	1	2	0	1
G2_DM	2132	1	2	0	1
G2_DM	2133	1	3	0	1
G2_DM	2134	1	3	0	1
G2_DM	2135	1	3	0	1
G2_DM	2136	1	3	0	1
G2_DM	2137	1	3	0	1
G2_DM	2138	1	3	0	1
G2_DM	2139	1	3	0	1
G2_DM	2140	1	3	0	2
G2_DM	2141	1	3	0	2
G2_DM	2142	1	3	0	2
G2_DM	2143	1	3	0	2
G2_DM	2144	1	3	0	2
G2_DM	2145	1	3	0	2
G2_DM	2146	1	3	0	2
G2_DM	2147	1	3	0	2
G2_DM	2148	1	3	0	2
G2_DM	2149	1	3	0	2
G2_DM	2150	1	3	0	2
G2_DM	2151	1	3	0	2
G2_DM	2152	1	3	0	2
G2_DM	2153	1	3	0	2
G2_DM	2154	1	3	0	2
G2_DM	2155	1	3	0	2
G2_DM	2156	1	3	0	2
G2_DM	2157	1	3	0	3
G2_DM	2158	1	3	0	3
G2_DM	2159	1	3	0	3
G2_DM	2160	1	3	0	3
G2_DM	2161	1	3	0	3
G2_DM	2162	1	3	0	3
G2_DM	2163	1	3	0	3
G2_DM	2164	1	3	0	3
G2_DM	2165	1	3	0	3
G2_DM	2166	1	3	0	3
G2_DM	2167	1	3	0	3
G2_DM	2168	1	2	0	3
G2_DM	2169	1	2	0	3
G2_DM	2170	1	2	0	3
G2_DM	2171	1	2	0	3
G2_DM	2172	1	2	0	3
G2_DM	2173	1	2	0	3
G2_DM	2174	1	2	0	3
G2_DM	2175	1	3	0	3
G2_DM	2176	1	2	0	3
G2_DM	2177	1	2	0	3
G2_DM	2178	1	2	0	3
G2_DM	2179	1	2	0	3
G2_DM	2180	0	1	0	3
G2_DM	2181	0	1	0	3
G2_DM	2182	0	1	0	3
G2_DM	2183	0	2	0	3
G2_DM	2184	1	2	0	3
G2_DM	2185	1	2	0	3
G2_DM	2186	1	2	0	3
G2_DM	2187	1	2	1	3
G2_DM	2188	1	2	1	3
G2_DM	2189	1	2	1	3
G2_DM	2190	1	2	1	3
G2_DM	2191	1	2	1	3
G2_DM	2192	1	2	1	3
G2_DM	2193	1	2	1	3
G2_DM	2194	1	2	1	3
G2_DM	2195	1	2	1	3
G2_DM	2196	1	3	2	3
G2_DM	2197	1	3	2	3
G2_DM	2198	1	3	2	3
G2_DM	2199	1	3	2	2
G2_DM	2200	1	3	2	2
G2_DM	2201	1	3	2	2
G2_DM	2202	1	3	2	2
G2_DM	2203	1	3	2	2
G2_DM	2204	1	3	2	2
G2_DM	2205	1	3	3	2
G2_DM	2206	1	3	3	2
G2_DM	2207	1	3	3	2
G2_DM	2208	1	3	3	2
G2_DM	2209	1	3	3	2
G2_DM	2210	1	3	3	2
G2_DM	2211	1	3	3	2
G2_DM	2212	1	3	3	2
G2_DM	2213	1	3	3	2
G2_DM	2214	1	3	3	2
G2_DM	2215	1	3	3	1
G2_DM	2216	1	3	3	1
G2_DM	2217	1	3	3	1
G2_DM	2218	1	3	3	1
G2_DM	2219	1	4	3	1
G2_DM	2220	1	4	3	1
G2_DM	2221	1	4	3	1
G2_DM	2222	1	4	3	1
G2_DM	2223	1	4	3	1
G2_DM	2224	1	4	3	1
G2_DM	2225	1	4	3	1
G2_DM	2226	1	4	3	1
G2_DM	2227	1	4	3	1
G2_DM	2228	1	4	3	1
G2_DM	2229	1	4	3	1
G2_DM	2230	1	4	3	1
G2_DM	2231	1	4	3	1
G2_DM	2232	1	4	3	1
G2_DM	2233	1	4	3	0
G2_DM	2234	1	4	3	0
G2_DM	2235	1	4	3	0
G2_DM	2236	1	4	3	0
G2_DM	2237	1	4	3	0
G2_DM	2238	1	4	3	0
G2_DM	2239	1	4	3	0
G2_DM	2240	1	4	3	0
G2_DM	2241	1	4	3	0
G2_DM	2242	1	4	3	0
G2_DM	2243	1	4	3	1
G2_DM	2244	1	4	3	1
G2_DM	2245	1	4	3	1
G2_DM	2246	1	3	3	1
G2_DM	2247	1	3	3	1
G2_DM	2248	1	3	3	1
G2_DM	2249	1	3	3	1
G2_DM	2250	1	3	3	1
G2_DM	2251	1	3	3	1
G2_DM	2252	1	3	3	1
G2_DM	2253	1	3	3	1
G2_DM	2254	1	3	3	1
G2_DM	2255	1	3	3	1
G2_DM	2256	1	3	2	1
G2_DM	2257	1	3	2	1
G2_DM	2258	1	3	2	1
G2_DM	2259	1	4	2	1
G2_DM	2260	1	4	2	1
G2_DM	2261	1	5	2	1
G2_DM	2262	1	5	2	1
G2_DM	2263	1	5	2	1
G2_DM	2264	1	5	2	1
G2_DM	2265	1	5	2	1
G2_DM	2266	1	4	2	1
G2_DM	2267	1	4	2	1
G2_DM	2268	1	4	2	1
G2_DM	2269	1	4	2	1
G2_DM	2270	1	4	1	1
G2_DM	2271	1	4	1	1
G2_DM	2272	1	4	1	1
G2_DM	2273	1	4	1	1
G2_DM	2274	1	4	1	1
G2_DM	2275	1	3	1	1
G2_DM	2276	1	3	1	1
G2_DM	2277	1	3	1	1
G2_DM	2278	1	3	1	1
G2_DM	2279	1	3	0	1
G2_DM	2280	1	3	0	1
G2_DM	2281	1	3	0	1
G2_DM	2282	1	3	0	1
G2_DM	2283	1	3	0	1
G2_DM	2284	0	3	0	1
G2_DM	2285	0	3	0	1
G2_DM	2286	0	3	0	1
G2_DM	2287	1	3	0	1
G2_DM	2288	1	3	0	1
G2_DM	2289	1	3	0	1
G2_DM	2290	1	3	0	1
G2_DM	2291	1	3	0	1
G2_DM	2292	1	3	0	1
G2_DM	2293	1	3	0	1
G2_DM	2294	1	3	0	1
G2_DM	2295	1	3	0	1
G2_DM	2296	1	3	0	1
G2_DM	2297	1	3	0	1
G2_DM	2298	1	3	0	1
G2_DM	2299	1	3	0	1
G2_DM	2300	1	3	0	1
G2_DM	2301	1	3	0	2
G2_DM	2302	2	3	0	2
G2_DM	2303	2	3	0	2
G2_DM	2304	2	3	0	2
G2_DM	2305	2	3	0	2
G2_DM	2306	2	3	0	2
G2_DM	2307	2	3	0	2
G2_DM	2308	2	3	0	2
G2_DM	2309	2	3	0	2
G2_DM	2310	2	3	0	2
G2_DM	2311	2	3	0	2
G2_DM	2312	2	3	0	2
G2_DM	2313	2	3	0	2
G2_DM	2314	2	3	0	2
G2_DM	2315	2	3	0	2
G2_DM	2316	2	3	0	2
G2_DM	2317	2	3	0	1
G2_DM	2318	2	2	0	1
G2_DM	2319	2	2	0	1
G2_DM	2320	2	2	0	1
G2_DM	2321	2	2	0	1
G2_DM	2322	2	2	0	1
G2_DM	2323	2	2	0	1
G2_DM	2324	2	2	0	1
G2_DM	2325	2	2	0	1
G2_DM	2326	2	2	0	1
G2_DM	2327	2	2	0	1
G2_DM	2328	2	2	0	1
G2_DM	2329	2	2	0	1
G2_DM	2330	2	2	0	1
G2_DM	2331	2	2	0	1
G2_DM	2332	2	2	0	1
G2_DM	2333	2	2	0	1
G2_DM	2334	2	2	0	1
G2_DM	2335	2	2	0	1
G2_DM	2336	2	2	0	1
G2_DM	2337	2	2	0	1
G2_DM	2338	2	2	0	1
G2_DM	2339	2	2	0	1
G2_DM	2340	2	2	0	1
G2_DM	2341	2	2	0	1
G2_DM	2342	2	2	0	1
G2_DM	2343	2	1	0	1
G2_DM	2344	2	1	0	1
G2_DM	2345	2	1	0	1
G2_DM	2346	2	1	0	1
G2_DM	2347	2	1	0	1
G2_DM	2348	2	1	0	1
G2_DM	2349	2	1	0	1
G2_DM	2350	2	1	0	1
G2_DM	2351	2	1	0	1
G2_DM	2352	2	1	0	1
G2_DM	2353	2	1	0	1
G2_DM	2354	2	1	0	1
G2_DM	2355	2	1	0	1
G2_DM	2356	2	1	0	1
G2_DM	2357	2	1	0	1
G2_DM	2358	2	1	0	1
G2_DM	2359	2	1	0	1
G2_DM	2360	2	1	0	1
G2_DM	2361	2	0	0	1
G2_DM	2362	2	0	0	1
G2_DM	2363	2	0	0	1
G2_DM	2364	2	0	0	1
G2_DM	2365	2	0	0	1
G2_DM	2366	2	0	0	1
G2_DM	2367	2	0	0	1
G2_DM	2368	2	0	0	1
G2_DM	2369	2	0	0	1
G2_DM	2370	2	0	0	1
G2_DM	2371	2	0	0	1
G2_DM	2372	2	0	0	2
G2_DM	2373	2	0	1	3
G2_DM	2374	2	0	1	3
G2_DM	2375	2	0	1	3
G2_DM	2376	2	0	1	3
G2_DM	2377	2	0	1	2
G2_DM	2378	2	0	1	2
G2_DM	2379	2	0	1	2
G2_DM	2380	2	0	1	2
G2_DM	2381	2	0	1	2
G2_DM	2382	1	0	1	2
G2_DM	2383	1	0	1	2
G2_DM	2384	1	0	1	2
G2_DM	2385	1	0	1	2
G2_DM	2386	1	0	1	2
G2_DM	2387	1	0	1	2
G2_DM	2388	1	0	1	2
G2_DM	2389	1	0	1	2
G2_DM	2390	1	1	1	2
G2_DM	2391	1	1	1	2
G2_DM	2392	1	1	1	2
G2_DM	2393	1	1	1	2
G2_DM	2394	1	1	1	2
G2_DM	2395	0	1	1	2
G2_DM	2396	0	1	1	2
G2_DM	2397	0	1	1	2
G2_DM	2398	0	1	1	2
G2_DM	2399	0	1	1	2
G2_DM	2400	0	1	1	2
G2_DM	2401	0	1	1	2
G2_DM	2402	0	1	1	2
G2_DM	2403	0	1	1	2
G2_DM	2404	0	1	1	2
G2_DM	2405	0	1	1	2
G2_DM	2406	0	1	1	2
G2_DM	2407	0	1	1	2
G2_DM	2408	0	1	1	2
G2_DM	2409	0	1	1	2
G2_DM	2410	0	1	1	2
G2_DM	2411	0	1	1	2
G2_DM	2412	0	1	1	2
G2_DM	2413	0	1	1	2
G2_DM	2414	1	1	1	2
G2_DM	2415	1	1	1	2
G2_DM	2416	1	1	1	2
G2_DM	2417	2	1	1	2
G2_DM	2418	2	1	1	2
G2_DM	2419	2	1	1	2
G2_DM	2420	2	1	1	2
G2_DM	2421	2	1	1	2
G2_DM	2422	2	1	1	2
G2_DM	2423	2	1	1	2
G2_DM	2424	2	1	1	2
G2_DM	2425	2	1	1	2
G2_DM	2426	2	1	1	2
G2_DM	2427	2	1	1	2
G2_DM	2428	2	1	1	2
G2_DM	2429	2	1	1	2
G2_DM	2430	2	1	1	2
G2_DM	2431	2	1	1	2
G2_DM	2432	2	1	1	2
G2_DM	2433	2	1	1	2
G2_DM	2434	2	1	1	2
G2_DM	2435	2	1	1	2
G2_DM	2436	2	1	1	2
G2_DM	2437	2	1	1	2
G2_DM	2438	2	1	1	2
G2_DM	2439	2	1	1	2
G2_DM	2440	2	1	1	2
G2_DM	2441	2	1	1	1
G2_DM	2442	2	1	1	2
G2_DM	2443	2	1	1	2
G2_DM	2444	2	1	1	2
G2_DM	2445	2	1	1	2
G2_DM	2446	2	1	1	2
G2_DM	2447	2	1	1	2
G2_DM	2448	2	1	1	2
G2_DM	2449	2	2	0	1
G2_DM	2450	2	2	0	1
G2_DM	2451	2	2	0	1
G2_DM	2452	2	2	0	1
G2_DM	2453	2	2	0	1
G2_DM	2454	2	2	0	1
G2_DM	2455	2	2	0	1
G2_DM	2456	2	1	0	1
G2_DM	2457	2	1	0	1
G2_DM	2458	2	1	0	1
G2_DM	2459	3	1	0	1
G2_DM	2460	3	1	0	1
G2_DM	2461	3	1	0	1
G2_DM	2462	3	1	0	1
G2_DM	2463	3	1	0	1
G2_DM	2464	3	1	0	1
G2_DM	2465	3	2	0	1
G2_DM	2466	3	2	0	1
G2_DM	2467	3	2	0	1
G2_DM	2468	3	2	0	1
G2_DM	2469	3	2	0	1
G2_DM	2470	3	2	0	1
G2_DM	2471	3	2	0	1
G2_DM	2472	3	2	1	1
G2_DM	2473	3	2	1	1
G2_DM	2474	3	2	1	1
G2_DM	2475	3	2	1	1
G2_DM	2476	3	2	1	1
G2_DM	2477	3	2	1	1
G2_DM	2478	3	2	1	1
G2_DM	2479	3	2	1	1
G2_DM	2480	3	2	1	1
G2_DM	2481	3	2	1	1
G2_DM	2482	3	2	1	1
G2_DM	2483	3	2	1	1
G2_DM	2484	3	2	1	1
G2_DM	2485	3	2	1	1
G2_DM	2486	3	2	1	1
G2_DM	2487	3	2	1	1
G2_DM	2488	3	2	1	1
G2_DM	2489	3	2	1	1
G2_DM	2490	3	2	1	1
G2_DM	2491	3	2	1	1
G2_DM	2492	3	2	1	1
G2_DM	2493	3	2	1	1
G2_DM	2494	3	2	1	1
G2_DM	2495	3	2	1	1
G2_DM	2496	3	2	1	1
G2_DM	2497	3	2	1	1
G2_DM	2498	3	2	1	1
G2_DM	2499	3	2	1	1
G2_DM	2500	3	2	1	1
G2_DM	2501	3	2	1	1
G2_DM	2502	3	2	1	1
G2_DM	2503	3	2	1	1
G2_DM	2504	3	3	1	1
G2_DM	2505	3	3	1	1
G2_DM	2506	3	3	1	1
G2_DM	2507	3	3	1	1
G2_DM	2508	3	3	1	1
G2_DM	2509	3	3	1	1
G2_DM	2510	3	3	1	1
G2_DM	2511	3	4	1	1
G2_DM	2512	3	4	1	1
G2_DM	2513	3	4	1	1
G2_DM	2514	1	4	1	0
G2_DM	2515	2	4	1	0
G2_DM	2516	2	4	1	0
G2_DM	2517	2	4	1	0
G2_DM	2518	2	4	1	0
G2_DM	2519	2	4	1	0
G2_DM	2520	2	4	1	0
G2_DM	2521	2	4	1	0
G2_DM	2522	2	4	1	0
G2_DM	2523	2	4	1	0
G2_DM	2524	2	4	1	0
G2_DM	2525	2	4	1	0
G2_DM	2526	2	4	1	0
G2_DM	2527	2	4	1	0
G2_DM	2528	2	4	1	0
G2_DM	2529	2	4	1	0
G2_DM	2530	2	4	1	0
G2_DM	2531	2	4	1	0
G2_DM	2532	2	4	1	0
G2_DM	2533	2	5	1	0
G2_DM	2534	2	5	2	0
G2_DM	2535	2	5	2	0
G2_DM	2536	2	4	2	0
G2_DM	2537	2	4	2	0
G2_DM	2538	3	4	2	0
G2_DM	2539	4	4	2	0
G2_DM	2540	4	4	2	0
G2_DM	2541	4	4	2	0
G2_DM	2542	4	4	2	0
G2_DM	2543	4	4	2	0
G2_DM	2544	4	4	2	0
G2_DM	2545	4	4	1	0
G2_DM	2546	4	4	1	0
G2_DM	2547	4	4	1	0
G2_DM	2548	5	4	1	0
G2_DM	2549	5	4	1	0
G2_DM	2550	5	4	1	0
G2_DM	2551	5	4	1	0
G2_DM	2552	5	4	1	0
G2_DM	2553	5	4	1	0
G2_DM	2554	5	4	1	0
G2_DM	2555	6	4	1	0
G2_DM	2556	7	4	1	0
G2_DM	2557	6	4	1	0
G2_DM	2558	6	5	1	0
G2_DM	2559	6	5	1	0
G2_DM	2560	6	6	1	0
G2_DM	2561	6	6	1	0
G2_DM	2562	6	6	1	0
G2_DM	2563	6	6	1	0
G2_DM	2564	6	7	1	0
G2_DM	2565	6	6	1	0
G2_DM	2566	6	6	1	0
G2_DM	2567	6	6	1	0
G2_DM	2568	7	6	1	0
G2_DM	2569	9	6	1	0
G2_DM	2570	9	6	1	0
G2_DM	2571	9	6	1	0
G2_DM	2572	9	6	1	0
G2_DM	2573	10	6	1	0
G2_DM	2574	11	6	1	0
G2_DM	2575	11	6	1	0
G2_DM	2576	11	6	1	0
G2_DM	2577	11	6	1	0
G2_DM	2578	11	6	1	0
G2_DM	2579	11	6	1	0
G2_DM	2580	11	6	1	0
G2_DM	2581	11	6	1	0
G2_DM	2582	11	6	1	0
G2_DM	2583	12	6	1	0
G2_DM	2584	12	6	1	0
G2_DM	2585	13	6	1	0
G2_DM	2586	13	6	1	0
G2_DM	2587	13	6	1	0
G2_DM	2588	13	6	1	0
G2_DM	2589	13	6	1	0
G2_DM	2590	13	6	1	0
G2_DM	2591	13	7	1	0
G2_DM	2592	13	7	1	0
G2_DM	2593	15	7	1	0
G2_DM	2594	15	7	1	0
G2_DM	2595	15	7	1	0
G2_DM	2596	15	7	1	1
G2_DM	2597	15	7	1	1
G2_DM	2598	15	8	1	1
G2_DM	2599	17	8	1	1
G2_DM	2600	18	8	1	1
G2_DM	2601	18	8	1	1
G2_DM	2602	18	8	1	1
G2_DM	2603	18	7	1	1
G2_DM	2604	18	7	1	1
G2_DM	2605	18	7	1	1
G2_DM	2606	19	7	1	1
G2_DM	2607	20	7	1	1
G2_DM	2608	19	7	1	1
G2_DM	2609	19	7	1	1
G2_DM	2610	19	6	0	1
G2_DM	2611	19	6	0	1
G2_DM	2612	19	6	0	1
G2_DM	2613	19	6	0	1
G2_DM	2614	19	6	0	1
G2_DM	2615	18	7	0	1
G2_DM	2616	19	7	0	1
G2_DM	2617	19	7	0	1
G2_DM	2618	19	7	0	1
G2_DM	2619	19	7	0	1
G2_DM	2620	19	7	0	1
G2_DM	2621	19	7	0	1
G2_DM	2622	19	7	0	1
G2_DM	2623	18	7	0	1
G2_DM	2624	18	8	0	1
G2_DM	2625	18	8	0	1
G2_DM	2626	18	8	0	1
G2_DM	2627	18	8	0	1
G2_DM	2628	18	8	0	1
G2_DM	2629	18	8	0	1
G2_DM	2630	18	8	0	1
G2_DM	2631	18	8	0	1
G2_DM	2632	18	8	0	1
G2_DM	2633	18	7	0	1
G2_DM	2634	18	7	0	1
G2_DM	2635	18	7	0	1
G2_DM	2636	19	7	0	1
G2_DM	2637	19	7	0	1
G2_DM	2638	18	7	0	1
G2_DM	2639	18	9	0	1
G2_DM	2640	18	9	0	1
G2_DM	2641	18	9	0	1
G2_DM	2642	18	9	0	1
G2_DM	2643	18	9	0	1
G2_DM	2644	18	9	0	1
G2_DM	2645	18	9	0	1
G2_DM	2646	18	9	0	1
G2_DM	2647	18	9	0	1
G2_DM	2648	17	9	0	1
G2_DM	2649	17	9	0	1
G2_DM	2650	17	9	0	1
G2_DM	2651	17	9	0	1
G2_DM	2652	18	9	0	1
G2_DM	2653	18	9	0	1
G2_DM	2654	18	9	0	1
G2_DM	2655	18	9	0	1
G2_DM	2656	17	9	0	1
G2_DM	2657	17	8	0	1
G2_DM	2658	17	8	0	1
G2_DM	2659	17	8	0	1
G2_DM	2660	18	7	0	1
G2_DM	2661	18	7	0	1
G2_DM	2662	18	7	0	1
G2_DM	2663	18	8	0	1
G2_DM	2664	18	7	0	1
G2_DM	2665	18	7	0	1
G2_DM	2666	18	7	0	1
G2_DM	2667	19	7	0	1
G2_DM	2668	18	8	0	1
G2_DM	2669	19	9	0	1
G2_DM	2670	20	9	0	1
G2_DM	2671	19	10	0	1
G2_DM	2672	19	10	0	0
G2_DM	2673	18	10	0	0
G2_DM	2674	18	10	0	0
G2_DM	2675	18	10	0	0
G2_DM	2676	19	10	0	0
G2_DM	2677	19	10	0	0
G2_DM	2678	19	10	0	0
G2_DM	2679	19	10	0	0
G2_DM	2680	18	10	0	0
G2_DM	2681	18	11	0	0
G2_DM	2682	17	11	0	0
G2_DM	2683	17	11	0	0
G2_DM	2684	17	11	0	0
G2_DM	2685	16	11	0	0
G2_DM	2686	16	11	0	0
G2_DM	2687	16	11	0	0
G2_DM	2688	16	11	0	0
G2_DM	2689	16	11	0	0
G2_DM	2690	15	11	0	0
G2_DM	2691	15	10	0	0
G2_DM	2692	15	10	0	0
G2_DM	2693	14	9	0	0
G2_DM	2694	14	9	0	0
G2_DM	2695	14	10	0	0
G2_DM	2696	15	10	0	0
G2_DM	2697	15	10	0	0
G2_DM	2698	15	10	0	0
G2_DM	2699	13	10	0	0
G2_DM	2700	13	10	0	0
G2_DM	2701	13	10	0	0
G2_DM	2702	14	10	0	0
G2_DM	2703	14	10	0	0
G2_DM	2704	12	10	0	0
G2_DM	2705	12	10	0	0
G2_DM	2706	13	10	0	0
G2_DM	2707	13	10	0	0
G2_DM	2708	13	10	0	0
G2_DM	2709	13	11	0	0
G2_DM	2710	13	11	0	0
G2_DM	2711	13	11	0	0
G2_DM	2712	13	11	0	0
G2_DM	2713	12	11	0	0
G2_DM	2714	12	11	0	0
G2_DM	2715	12	10	0	0
G2_DM	2716	12	10	0	0
G2_DM	2717	12	10	0	0
G2_DM	2718	12	10	0	0
G2_DM	2719	12	9	0	0
G2_DM	2720	12	11	0	0
G2_DM	2721	11	11	0	0
G2_DM	2722	11	11	0	0
G2_DM	2723	11	11	0	0
G2_DM	2724	11	11	0	0
G2_DM	2725	11	12	0	0
G2_DM	2726	11	12	0	0
G2_DM	2727	11	12	0	0
G2_DM	2728	12	12	0	0
G2_DM	2729	13	12	0	0
G2_DM	2730	13	12	0	0
G2_DM	2731	13	12	0	0
G2_DM	2732	13	12	0	0
G2_DM	2733	12	12	0	0
G2_DM	2734	12	12	0	0
G2_DM	2735	12	12	0	0
G2_DM	2736	12	12	0	0
G2_DM	2737	12	13	0	0
G2_DM	2738	12	13	0	0
G2_DM	2739	12	11	0	0
G2_DM	2740	12	11	0	0
G2_DM	2741	12	11	0	0
G2_DM	2742	11	11	0	0
G2_DM	2743	11	11	0	0
G2_DM	2744	11	11	0	0
G2_DM	2745	11	11	0	0
G2_DM	2746	11	11	0	0
G2_DM	2747	12	11	0	0
G2_DM	2748	13	11	0	0
G2_DM	2749	13	11	0	0
G2_DM	2750	13	11	0	0
G2_DM	2751	13	11	0	0
G2_DM	2752	13	11	0	0
G2_DM	2753	13	11	0	0
G2_DM	2754	13	11	0	0
G2_DM	2755	13	11	0	0
G2_DM	2756	13	11	0	0
G2_DM	2757	13	11	0	0
G2_DM	2758	13	11	0	0
G2_DM	2759	13	11	0	0
G2_DM	2760	12	11	0	0
G2_DM	2761	12	10	0	0
G2_DM	2762	12	10	0	0
G2_DM	2763	13	8	0	0
G2_DM	2764	13	8	0	0
G2_DM	2765	13	8	1	0
G2_DM	2766	13	7	1	0
G2_DM	2767	12	6	1	0
G2_DM	2768	11	6	1	0
G2_DM	2769	8	6	1	0
G2_DM	2770	7	5	1	0
G2_DM	2771	7	5	1	0
G2_DM	2772	8	7	1	0
G2_DM	2773	8	7	1	0
G2_DM	2774	8	7	1	0
G2_DM	2775	8	7	1	0
G2_DM	2776	8	7	1	0
G2_DM	2777	8	7	1	0
G2_DM	2778	8	7	1	0
G2_DM	2779	8	7	1	0
G2_DM	2780	8	7	1	0
G2_DM	2781	8	7	1	0
G2_DM	2782	9	6	1	0
G2_DM	2783	9	6	1	0
G2_DM	2784	9	6	1	0
G2_DM	2785	9	6	1	0
G2_DM	2786	9	6	1	0
G2_DM	2787	10	6	1	0
G2_DM	2788	10	6	1	0
G2_DM	2789	11	6	1	0
G2_DM	2790	11	7	1	0
G2_DM	2791	11	7	1	0
G2_DM	2792	11	7	1	0
G2_DM	2793	11	7	1	0
G2_DM	2794	12	8	1	0
G2_DM	2795	12	8	1	0
G2_DM	2796	11	8	1	0
G2_DM	2797	11	8	1	0
G2_DM	2798	11	8	1	0
G2_DM	2799	11	8	1	0
G2_DM	2800	11	8	1	0
G2_DM	2801	11	8	1	0
G2_DM	2802	10	8	1	0
G2_DM	2803	10	8	1	0
G2_DM	2804	11	8	1	0
G2_DM	2805	11	8	1	0
G2_DM	2806	11	8	1	0
G2_DM	2807	11	8	1	0
G2_DM	2808	11	8	1	0
G2_DM	2809	11	7	1	0
G2_DM	2810	11	7	1	0
G2_DM	2811	11	7	1	0
G2_DM	2812	11	7	1	0
G2_DM	2813	11	7	1	0
G2_DM	2814	11	7	1	0
G2_DM	2815	10	7	1	0
G2_DM	2816	10	7	1	0
G2_DM	2817	10	7	1	0
G2_DM	2818	10	7	1	0
G2_DM	2819	10	7	1	0
G2_DM	2820	10	6	1	0
G2_DM	2821	10	6	1	0
G2_DM	2822	10	6	1	0
G2_DM	2823	10	6	1	0
G2_DM	2824	10	6	1	0
G2_DM	2825	10	5	1	0
G2_DM	2826	10	5	1	0
G2_DM	2827	9	5	1	0
G2_DM	2828	9	4	1	0
G2_DM	2829	7	4	1	0
G2_DM	2830	7	4	1	0
G2_DM	2831	7	4	1	0
G2_DM	2832	7	4	1	0
G2_DM	2833	8	4	1	0
G2_DM	2834	8	4	1	0
G2_DM	2835	8	3	1	0
G2_DM	2836	8	3	1	0
G2_DM	2837	8	3	1	0
G2_DM	2838	9	4	1	0
G2_DM	2839	9	4	1	0
G2_DM	2840	9	5	1	0
G2_DM	2841	9	5	0	0
G2_DM	2842	9	5	0	0
G2_DM	2843	9	5	0	0
G2_DM	2844	9	5	0	0
G2_DM	2845	9	5	0	0
G2_DM	2846	9	5	0	0
G2_DM	2847	8	5	0	0
G2_DM	2848	7	5	0	0
G2_DM	2849	7	5	0	0
G2_DM	2850	7	5	0	0
G2_DM	2851	7	5	0	0
G2_DM	2852	7	5	0	0
G2_DM	2853	7	5	0	0
G2_DM	2854	7	5	0	0
G2_DM	2855	7	5	0	0
G2_DM	2856	7	5	0	0
G2_DM	2857	7	5	0	0
G2_DM	2858	7	5	0	0
G2_DM	2859	7	5	0	0
G2_DM	2860	7	5	0	0
G2_DM	2861	7	5	0	0
G2_DM	2862	7	5	0	0
G2_DM	2863	7	5	0	0
G2_DM	2864	7	5	0	0
G2_DM	2865	7	5	0	0
G2_DM	2866	7	5	0	0
G2_DM	2867	7	5	0	0
G2_DM	2868	7	4	0	0
G2_DM	2869	7	4	0	0
G2_DM	2870	7	4	0	0
G2_DM	2871	6	3	0	0
G2_DM	2872	6	3	0	0
G2_DM	2873	6	3	0	0
G2_DM	2874	6	3	0	0
G2_DM	2875	6	3	0	0
G2_DM	2876	6	3	0	0
G2_DM	2877	6	3	0	0
G2_DM	2878	6	3	0	0
G2_DM	2879	6	3	0	0
G2_DM	2880	6	3	0	0
G2_DM	2881	6	3	0	0
G2_DM	2882	6	3	0	0
G2_DM	2883	6	3	0	0
G2_DM	2884	6	3	0	0
G2_DM	2885	6	3	0	0
G2_DM	2886	6	4	0	0
G2_DM	2887	5	4	0	0
G2_DM	2888	5	4	0	0
G2_DM	2889	5	4	0	0
G2_DM	2890	5	4	0	0
G2_DM	2891	5	4	0	0
G2_DM	2892	5	4	0	0
G2_DM	2893	5	4	0	0
G2_DM	2894	4	4	0	0
G2_DM	2895	4	4	0	0
G2_DM	2896	4	4	0	0
G2_DM	2897	4	4	0	0
G2_DM	2898	4	4	0	0
G2_DM	2899	4	4	0	0
G2_DM	2900	4	4	0	0
G2_DM	2901	6	4	1	1
G2_DM	2902	6	4	1	1
G2_DM	2903	5	4	1	1
G2_DM	2904	6	4	1	1
G2_DM	2905	6	4	1	1
G2_DM	2906	6	4	1	1
G2_DM	2907	6	4	1	1
G2_DM	2908	6	5	1	1
G2_DM	2909	6	6	1	1
G2_DM	2910	6	6	1	1
G2_DM	2911	6	6	1	1
G2_DM	2912	6	6	1	1
G2_DM	2913	6	6	1	1
G2_DM	2914	6	6	1	1
G2_DM	2915	6	6	1	1
G2_DM	2916	6	6	1	1
G2_DM	2917	7	8	2	1
G2_DM	2918	9	8	2	1
G2_DM	2919	9	8	2	1
G2_DM	2920	9	8	2	1
G2_DM	2921	9	8	2	1
G2_DM	2922	9	8	2	1
G2_DM	2923	9	7	2	1
G2_DM	2924	9	7	2	1
G2_DM	2925	9	7	2	1
G2_DM	2926	9	7	2	1
G2_DM	2927	9	7	2	1
G2_DM	2928	9	7	2	1
G2_DM	2929	9	7	2	1
G2_DM	2930	9	7	2	1
G2_DM	2931	9	7	2	1
G2_DM	2932	8	6	2	1
G2_DM	2933	8	6	2	1
G2_DM	2934	9	6	2	1
G2_DM	2935	10	7	2	1
G2_DM	2936	11	7	2	1
G2_DM	2937	11	7	2	1
G2_DM	2938	11	7	2	1
G2_DM	2939	11	7	2	1
G2_DM	2940	11	7	2	1
G2_DM	2941	11	7	2	1
G2_DM	2942	12	7	2	1
G2_DM	2943	12	7	2	1
G2_DM	2944	12	7	2	1
G2_DM	2945	12	7	2	1
G2_DM	2946	12	7	3	1
G2_DM	2947	13	7	3	1
G2_DM	2948	13	6	3	1
G2_DM	2949	13	6	3	1
G2_DM	2950	13	6	3	1
G2_DM	2951	13	7	3	1
G2_DM	2952	13	7	3	1
G2_DM	2953	13	7	3	1
G2_DM	2954	13	7	3	1
G2_DM	2955	13	7	3	1
G2_DM	2956	13	7	3	1
G2_DM	2957	13	7	3	1
G2_DM	2958	13	7	3	1
G2_DM	2959	13	8	3	1
G2_DM	2960	13	8	3	1
G2_DM	2961	14	8	3	1
G2_DM	2962	14	9	3	1
G2_DM	2963	14	9	3	1
G2_DM	2964	15	9	3	1
G2_DM	2965	15	9	3	1
G2_DM	2966	15	9	3	1
G2_DM	2967	15	9	3	1
G2_DM	2968	15	9	3	1
G2_DM	2969	15	9	3	1
G2_DM	2970	15	9	3	1
G2_DM	2971	15	9	3	1
G2_DM	2972	17	9	3	1
G2_DM	2973	19	10	3	1
G2_DM	2974	19	10	3	1
G2_DM	2975	19	10	2	0
G2_DM	2976	19	11	2	0
G2_DM	2977	19	11	2	0
G2_DM	2978	19	11	2	0
G2_DM	2979	19	11	2	0
G2_DM	2980	19	11	2	0
G2_DM	2981	19	11	2	0
G2_DM	2982	19	11	2	0
G2_DM	2983	19	11	2	0
G2_DM	2984	19	11	2	0
G2_DM	2985	19	11	2	0
G2_DM	2986	19	11	2	0
G2_DM	2987	19	11	1	0
G2_DM	2988	18	11	1	0
G2_DM	2989	17	11	1	0
G2_DM	2990	17	11	1	0
G2_DM	2991	17	11	1	0
G2_DM	2992	17	11	1	0
G2_DM	2993	17	11	1	0
G2_DM	2994	17	11	1	0
G2_DM	2995	17	11	1	0
G2_DM	2996	17	11	1	0
G2_DM	2997	17	10	1	0
G2_DM	2998	17	10	1	0
G2_DM	2999	17	10	1	0
G2_DM	3000	17	10	1	0
G2_DM	3001	15	10	1	0
G2_DM	3002	15	10	1	0
G2_DM	3003	15	10	1	0
G2_DM	3004	14	10	1	0
G2_DM	3005	14	10	1	0
G2_DM	3006	14	10	1	0
G2_DM	3007	14	10	1	0
G2_DM	3008	14	10	1	0
G2_DM	3009	14	10	1	0
G2_DM	3010	14	10	1	0
G2_DM	3011	14	10	1	0
G2_DM	3012	14	10	1	0
G2_DM	3013	14	9	1	0
G2_DM	3014	14	10	1	0
G2_DM	3015	14	10	1	0
G2_DM	3016	14	10	1	0
G2_DM	3017	13	8	1	0
G2_DM	3018	12	8	1	0
G2_DM	3019	12	7	0	0
G2_DM	3020	12	7	0	0
G2_DM	3021	12	7	0	0
G2_DM	3022	12	7	0	0
G2_DM	3023	12	7	0	0
G2_DM	3024	12	7	0	0
G2_DM	3025	12	6	0	0
G2_DM	3026	12	6	0	0
G2_DM	3027	10	6	0	0
G2_DM	3028	10	6	0	0
G2_DM	3029	10	6	0	0
G2_DM	3030	10	6	0	0
G2_DM	3031	9	6	0	0
G2_DM	3032	9	6	0	0
G2_DM	3033	9	6	0	0
G2_DM	3034	8	6	0	0
G2_DM	3035	8	6	0	0
G2_DM	3036	8	6	0	0
G2_DM	3037	8	6	0	0
G2_DM	3038	8	6	0	0
G2_DM	3039	8	6	0	0
G2_DM	3040	8	6	0	0
G2_DM	3041	7	6	0	0
G2_DM	3042	7	6	0	0
G2_DM	3043	7	6	0	0
G2_DM	3044	7	6	0	0
G2_DM	3045	6	6	0	0
G2_DM	3046	6	6	0	0
G2_DM	3047	6	6	0	0
G2_DM	3048	6	6	0	0
G2_DM	3049	6	6	0	0
G2_DM	3050	6	6	0	0
G2_DM	3051	6	6	0	0
G2_DM	3052	6	6	0	0
G2_DM	3053	6	6	0	0
G2_DM	3054	6	6	0	0
G2_DM	3055	6	6	0	0
G2_DM	3056	6	6	0	0
G2_DM	3057	6	6	0	0
G2_DM	3058	5	6	0	0
G2_DM	3059	4	6	0	0
G2_DM	3060	4	4	0	0
G2_DM	3061	4	3	0	0
G2_DM	3062	4	3	0	0
G2_DM	3063	4	3	0	0
G2_DM	3064	3	3	0	0
G2_DM	3065	3	3	0	0
G2_DM	3066	3	3	0	0
G2_DM	3067	3	3	0	0
G2_DM	3068	3	3	0	0
G2_DM	3069	3	3	0	0
G2_DM	3070	3	3	0	0
G2_DM	3071	3	3	0	0
G2_DM	3072	2	3	0	0
G2_DM	3073	0	1	0	0
G2_DM	3074	0	1	0	0
G2_DM	3075	0	1	0	0
G2_DM	3076	0	1	0	0
G2_DM	3077	0	1	0	0
G2_DM	3078	0	1	0	0
G2_DM	3079	0	1	0	0
G2_DM	3080	0	1	0	0
G2_DM	3081	0	1	0	0
G2_DM	3082	0	1	0	0
G2_DM	3083	0	1	0	0
G2_DM	3084	0	1	0	0
G2_DM	3085	0	1	0	0
G2_DM	3086	0	1	0	0
G2_DM	3087	0	1	0	0
G2_DM	3088	0	1	0	0
G2_DM	3089	0	1	0	0
G2_DM	3090	0	1	0	0
G2_DM	3091	0	1	0	0
G2_DM	3092	0	1	0	0
G2_DM	3093	0	1	0	0
G2_DM	3094	0	1	0	0
G2_DM	3095	0	1	0	0
G2_DM	3096	0	1	0	0
G2_DM	3097	0	1	0	0
G2_DM	3098	0	1	0	0
G2_DM	3099	0	1	0	0
G2_DM	3100	0	1	0	0
G2_DM	3101	0	0	0	0
G2_DM	3102	0	0	0	0
